1613231003028	geckodriver	INFO	Listening on 127.0.0.1:59415
1613231003031	mozrunner::runner	INFO	Running command: "/usr/bin/firefox" "--marionette" "-foreground" "-no-remote" "-profile" "/tmp/rust_mozprofilekXf8kb"
console.warn: SearchSettings: "get: No settings file exists, new profile?" (new Error("", "(unknown module)"))
1613231007769	Marionette	INFO	Listening on port 39995
1613231007937	Marionette	WARN	TLS certificate errors will be ignored for this session
1613231008051	Marionette	ERROR	[15] No reply from Marionette:Register
console.warn: SearchSettings: "get: No settings file exists, new profile?" (new Error("", "(unknown module)"))
JavaScript error: resource://gre/actors/AutoCompleteChild.jsm, line 125: Error: Invalid autocomplete selectedIndex
1613231011207	Marionette	INFO	Stopped listening on port 39995
JavaScript error: resource://activity-stream/lib/ASRouter.jsm, line 987: NS_ERROR_ILLEGAL_VALUE: Component returned failure code: 0x80070057 (NS_ERROR_ILLEGAL_VALUE) [nsIObserverService.removeObserver]
JavaScript error: resource://gre/modules/Sqlite.jsm, line 928: Error: Connection is not open.
1613231130502	geckodriver	INFO	Listening on 127.0.0.1:51011
1613231131512	mozrunner::runner	INFO	Running command: "/usr/bin/firefox" "--marionette" "-foreground" "-no-remote" "-profile" "/tmp/rust_mozprofilekpEUqw"
console.warn: SearchSettings: "get: No settings file exists, new profile?" (new Error("", "(unknown module)"))
1613231136636	Marionette	INFO	Listening on port 46727
1613231136751	Marionette	WARN	TLS certificate errors will be ignored for this session
1613231136767	Marionette	ERROR	[15] No reply from Marionette:Register
console.warn: SearchSettings: "get: No settings file exists, new profile?" (new Error("", "(unknown module)"))
JavaScript warning: https://logigames.bet9ja.com/swf/18000/libs/three.min.js?v=1.0.0, line 13: WebGL warning: texImage: Alpha-premult and y-flip are deprecated for non-DOM-Element uploads.
JavaScript warning: https://logigames.bet9ja.com/swf/18000/libs/three.min.js?v=1.0.0, line 13: WebGL warning: texImage: Alpha-premult and y-flip are deprecated for non-DOM-Element uploads.
JavaScript warning: https://logigames.bet9ja.com/swf/18000/libs/three.min.js?v=1.0.0, line 13: WebGL warning: texImage: Alpha-premult and y-flip are deprecated for non-DOM-Element uploads.
JavaScript warning: https://logigames.bet9ja.com/swf/18000/libs/three.min.js?v=1.0.0, line 13: WebGL warning: texImage: Alpha-premult and y-flip are deprecated for non-DOM-Element uploads.
JavaScript warning: https://logigames.bet9ja.com/swf/18000/libs/three.min.js?v=1.0.0, line 13: WebGL warning: texImage: Alpha-premult and y-flip are deprecated for non-DOM-Element uploads.
JavaScript warning: https://logigames.bet9ja.com/swf/18000/libs/three.min.js?v=1.0.0, line 13: WebGL warning: texImage: Alpha-premult and y-flip are deprecated for non-DOM-Element uploads.
JavaScript warning: https://logigames.bet9ja.com/swf/18000/libs/three.min.js?v=1.0.0, line 13: WebGL warning: texImage: Alpha-premult and y-flip are deprecated for non-DOM-Element uploads.
1613231181439	Marionette	ERROR	[33] No reply from Marionette:Register
1613231376053	geckodriver	INFO	Listening on 127.0.0.1:36597
1613231377066	mozrunner::runner	INFO	Running command: "/usr/bin/firefox" "--marionette" "-foreground" "-no-remote" "-profile" "/tmp/rust_mozprofilef3ixzt"
console.warn: SearchSettings: "get: No settings file exists, new profile?" (new Error("", "(unknown module)"))
1613231381630	Marionette	INFO	Listening on port 35205
1613231381700	Marionette	WARN	TLS certificate errors will be ignored for this session
1613231381712	Marionette	ERROR	[18] No reply from Marionette:Register
console.warn: SearchSettings: "get: No settings file exists, new profile?" (new Error("", "(unknown module)"))
JavaScript warning: https://logigames.bet9ja.com/swf/18000/libs/three.min.js?v=1.0.0, line 13: WebGL warning: texImage: Alpha-premult and y-flip are deprecated for non-DOM-Element uploads.
JavaScript warning: https://logigames.bet9ja.com/swf/18000/libs/three.min.js?v=1.0.0, line 13: WebGL warning: texImage: Alpha-premult and y-flip are deprecated for non-DOM-Element uploads.
JavaScript warning: https://logigames.bet9ja.com/swf/18000/libs/three.min.js?v=1.0.0, line 13: WebGL warning: texImage: Alpha-premult and y-flip are deprecated for non-DOM-Element uploads.
JavaScript warning: https://logigames.bet9ja.com/swf/18000/libs/three.min.js?v=1.0.0, line 13: WebGL warning: texImage: Alpha-premult and y-flip are deprecated for non-DOM-Element uploads.
JavaScript warning: https://logigames.bet9ja.com/swf/18000/libs/three.min.js?v=1.0.0, line 13: WebGL warning: texImage: Alpha-premult and y-flip are deprecated for non-DOM-Element uploads.
JavaScript warning: https://logigames.bet9ja.com/swf/18000/libs/three.min.js?v=1.0.0, line 13: WebGL warning: texImage: Alpha-premult and y-flip are deprecated for non-DOM-Element uploads.
JavaScript warning: https://logigames.bet9ja.com/swf/18000/libs/three.min.js?v=1.0.0, line 13: WebGL warning: texImage: Alpha-premult and y-flip are deprecated for non-DOM-Element uploads.
console.log: WebExtensions: reset-default-search: No addons in our list are installed.
console.log: WebExtensions: reset-default-search: No addons in our list are installed.
JavaScript error: resource://activity-stream/lib/ASRouter.jsm, line 987: NS_ERROR_ILLEGAL_VALUE: Component returned failure code: 0x80070057 (NS_ERROR_ILLEGAL_VALUE) [nsIObserverService.removeObserver]
IPDL protocol error: Handler returned error code!

###!!! [Parent][DispatchAsyncMessage] Error: PLayerTransaction::Msg_ReleaseLayer Processing error: message was deserialized, but the handler returned false (indicating failure)

IPDL protocol error: Handler returned error code!

###!!! [Parent][DispatchAsyncMessage] Error: PLayerTransaction::Msg_ReleaseLayer Processing error: message was deserialized, but the handler returned false (indicating failure)

IPDL protocol error: Handler returned error code!

###!!! [Parent][DispatchAsyncMessage] Error: PLayerTransaction::Msg_ReleaseLayer Processing error: message was deserialized, but the handler returned false (indicating failure)

IPDL protocol error: Handler returned error code!

###!!! [Parent][DispatchAsyncMessage] Error: PLayerTransaction::Msg_ReleaseLayer Processing error: message was deserialized, but the handler returned false (indicating failure)

IPDL protocol error: Handler returned error code!

###!!! [Parent][DispatchAsyncMessage] Error: PLayerTransaction::Msg_ReleaseLayer Processing error: message was deserialized, but the handler returned false (indicating failure)

IPDL protocol error: Handler returned error code!

###!!! [Parent][DispatchAsyncMessage] Error: PLayerTransaction::Msg_ReleaseLayer Processing error: message was deserialized, but the handler returned false (indicating failure)

IPDL protocol error: Handler returned error code!

###!!! [Parent][DispatchAsyncMessage] Error: PLayerTransaction::Msg_ReleaseLayer Processing error: message was deserialized, but the handler returned false (indicating failure)

IPDL protocol error: Handler returned error code!

###!!! [Parent][DispatchAsyncMessage] Error: PLayerTransaction::Msg_ReleaseLayer Processing error: message was deserialized, but the handler returned false (indicating failure)

IPDL protocol error: Handler returned error code!

###!!! [Parent][DispatchAsyncMessage] Error: PLayerTransaction::Msg_ReleaseLayer Processing error: message was deserialized, but the handler returned false (indicating failure)

1613231957071	Marionette	INFO	Stopped listening on port 46727
1613231971544	Marionette	ERROR	[35] No reply from Marionette:Register
JavaScript error: resource://gre/actors/AutoCompleteChild.jsm, line 125: Error: Invalid autocomplete selectedIndex
console.error: (new TypeError("this.node is null", "resource://devtools/client/inspector/fonts/fonts.js", 781))
TypeError: this.node is null: onNewNode@resource://devtools/client/inspector/fonts/fonts.js:781:7
_emit@resource://devtools/shared/event-emitter.js:226:34
emit@resource://devtools/shared/event-emitter.js:172:18
emit@resource://devtools/shared/event-emitter.js:324:18
setNodeFront@resource://devtools/client/framework/selection.js:161:10
_markContainerAsSelected@resource://devtools/client/inspector/markup/markup.js:1975:32
navigate@resource://devtools/client/inspector/markup/markup.js:1323:10
_onMouseDown@resource://devtools/client/inspector/markup/views/markup-container.js:550:17

1613232628699	Marionette	INFO	Stopped listening on port 35205
JavaScript error: resource://activity-stream/lib/ASRouter.jsm, line 987: NS_ERROR_ILLEGAL_VALUE: Component returned failure code: 0x80070057 (NS_ERROR_ILLEGAL_VALUE) [nsIObserverService.removeObserver]
IPDL protocol error: Handler returned error code!

###!!! [Parent][DispatchAsyncMessage] Error: PLayerTransaction::Msg_ReleaseLayer Processing error: message was deserialized, but the handler returned false (indicating failure)

IPDL protocol error: Handler returned error code!

###!!! [Parent][DispatchAsyncMessage] Error: PLayerTransaction::Msg_ReleaseLayer Processing error: message was deserialized, but the handler returned false (indicating failure)

IPDL protocol error: Handler returned error code!

###!!! [Parent][DispatchAsyncMessage] Error: PLayerTransaction::Msg_ReleaseLayer Processing error: message was deserialized, but the handler returned false (indicating failure)

IPDL protocol error: Handler returned error code!

###!!! [Parent][DispatchAsyncMessage] Error: PLayerTransaction::Msg_ReleaseLayer Processing error: message was deserialized, but the handler returned false (indicating failure)

IPDL protocol error: Handler returned error code!

###!!! [Parent][DispatchAsyncMessage] Error: PLayerTransaction::Msg_ReleaseLayer Processing error: message was deserialized, but the handler returned false (indicating failure)

IPDL protocol error: Handler returned error code!

###!!! [Parent][DispatchAsyncMessage] Error: PLayerTransaction::Msg_ReleaseLayer Processing error: message was deserialized, but the handler returned false (indicating failure)

IPDL protocol error: Handler returned error code!

###!!! [Parent][DispatchAsyncMessage] Error: PLayerTransaction::Msg_ReleaseLayer Processing error: message was deserialized, but the handler returned false (indicating failure)

IPDL protocol error: Handler returned error code!

###!!! [Parent][DispatchAsyncMessage] Error: PLayerTransaction::Msg_ReleaseLayer Processing error: message was deserialized, but the handler returned false (indicating failure)

IPDL protocol error: Handler returned error code!

###!!! [Parent][DispatchAsyncMessage] Error: PLayerTransaction::Msg_ReleaseLayer Processing error: message was deserialized, but the handler returned false (indicating failure)

1613232637224	geckodriver	INFO	Listening on 127.0.0.1:59907
1613232638234	mozrunner::runner	INFO	Running command: "/usr/bin/firefox" "--marionette" "-foreground" "-no-remote" "-profile" "/tmp/rust_mozprofileOKTWt3"
console.warn: SearchSettings: "get: No settings file exists, new profile?" (new Error("", "(unknown module)"))
1613232643017	Marionette	INFO	Listening on port 43197
1613232643073	Marionette	WARN	TLS certificate errors will be ignored for this session
1613232643083	Marionette	ERROR	[15] No reply from Marionette:Register
console.warn: SearchSettings: "get: No settings file exists, new profile?" (new Error("", "(unknown module)"))
JavaScript warning: https://logigames.bet9ja.com/swf/18000/libs/three.min.js?v=1.0.0, line 13: WebGL warning: texImage: Alpha-premult and y-flip are deprecated for non-DOM-Element uploads.
JavaScript warning: https://logigames.bet9ja.com/swf/18000/libs/three.min.js?v=1.0.0, line 13: WebGL warning: texImage: Alpha-premult and y-flip are deprecated for non-DOM-Element uploads.
JavaScript warning: https://logigames.bet9ja.com/swf/18000/libs/three.min.js?v=1.0.0, line 13: WebGL warning: texImage: Alpha-premult and y-flip are deprecated for non-DOM-Element uploads.
JavaScript warning: https://logigames.bet9ja.com/swf/18000/libs/three.min.js?v=1.0.0, line 13: WebGL warning: texImage: Alpha-premult and y-flip are deprecated for non-DOM-Element uploads.
JavaScript warning: https://logigames.bet9ja.com/swf/18000/libs/three.min.js?v=1.0.0, line 13: WebGL warning: texImage: Alpha-premult and y-flip are deprecated for non-DOM-Element uploads.
JavaScript warning: https://logigames.bet9ja.com/swf/18000/libs/three.min.js?v=1.0.0, line 13: WebGL warning: texImage: Alpha-premult and y-flip are deprecated for non-DOM-Element uploads.
JavaScript warning: https://logigames.bet9ja.com/swf/18000/libs/three.min.js?v=1.0.0, line 13: WebGL warning: texImage: Alpha-premult and y-flip are deprecated for non-DOM-Element uploads.
1613232702184	Marionette	ERROR	[33] No reply from Marionette:Register
JavaScript error: resource://gre/actors/AutoCompleteChild.jsm, line 125: Error: Invalid autocomplete selectedIndex
JavaScript error: resource://gre/actors/AutoCompleteChild.jsm, line 125: Error: Invalid autocomplete selectedIndex
1613232838711	geckodriver	INFO	Listening on 127.0.0.1:42479
1613232839720	mozrunner::runner	INFO	Running command: "/usr/bin/firefox" "--marionette" "-foreground" "-no-remote" "-profile" "/tmp/rust_mozprofileOaGOFF"
console.warn: SearchSettings: "get: No settings file exists, new profile?" (new Error("", "(unknown module)"))
1613232844339	Marionette	INFO	Listening on port 44641
1613232844468	Marionette	WARN	TLS certificate errors will be ignored for this session
1613232844477	Marionette	ERROR	[15] No reply from Marionette:Register
console.warn: SearchSettings: "get: No settings file exists, new profile?" (new Error("", "(unknown module)"))
JavaScript warning: https://logigames.bet9ja.com/swf/18000/libs/three.min.js?v=1.0.0, line 13: WebGL warning: texImage: Alpha-premult and y-flip are deprecated for non-DOM-Element uploads.
JavaScript warning: https://logigames.bet9ja.com/swf/18000/libs/three.min.js?v=1.0.0, line 13: WebGL warning: texImage: Alpha-premult and y-flip are deprecated for non-DOM-Element uploads.
JavaScript warning: https://logigames.bet9ja.com/swf/18000/libs/three.min.js?v=1.0.0, line 13: WebGL warning: texImage: Alpha-premult and y-flip are deprecated for non-DOM-Element uploads.
JavaScript warning: https://logigames.bet9ja.com/swf/18000/libs/three.min.js?v=1.0.0, line 13: WebGL warning: texImage: Alpha-premult and y-flip are deprecated for non-DOM-Element uploads.
JavaScript warning: https://logigames.bet9ja.com/swf/18000/libs/three.min.js?v=1.0.0, line 13: WebGL warning: texImage: Alpha-premult and y-flip are deprecated for non-DOM-Element uploads.
JavaScript warning: https://logigames.bet9ja.com/swf/18000/libs/three.min.js?v=1.0.0, line 13: WebGL warning: texImage: Alpha-premult and y-flip are deprecated for non-DOM-Element uploads.
JavaScript warning: https://logigames.bet9ja.com/swf/18000/libs/three.min.js?v=1.0.0, line 13: WebGL warning: texImage: Alpha-premult and y-flip are deprecated for non-DOM-Element uploads.
console.log: WebExtensions: reset-default-search: No addons in our list are installed.
console.log: WebExtensions: reset-default-search: No addons in our list are installed.
Gdk-Message: 12:50:45.954: firefox: Fatal IO error 11 (Resource temporarily unavailable) on X server :1.

Gdk-Message: 12:50:45.956: firefox: Fatal IO error 11 (Resource temporarily unavailable) on X server :1.

Exiting due to channel error.
Exiting due to channel error.
Exiting due to channel error.
Exiting due to channel error.
Exiting due to channel error.
Exiting due to channel error.
1613259302170	geckodriver	INFO	Listening on 127.0.0.1:56335
1613259303116	mozrunner::runner	INFO	Running command: "/usr/bin/firefox" "--marionette" "-foreground" "-no-remote" "-profile" "/tmp/rust_mozprofilet3l8T1"
console.warn: SearchSettings: "get: No settings file exists, new profile?" (new Error("", "(unknown module)"))
1613259313220	Marionette	INFO	Listening on port 46795
1613259313515	Marionette	WARN	TLS certificate errors will be ignored for this session
1613259313613	Marionette	ERROR	[15] No reply from Marionette:Register
console.warn: SearchSettings: "get: No settings file exists, new profile?" (new Error("", "(unknown module)"))
JavaScript warning: https://logigames.bet9ja.com/swf/18000/libs/three.min.js?v=1.0.0, line 13: WebGL warning: texImage: Alpha-premult and y-flip are deprecated for non-DOM-Element uploads.
JavaScript warning: https://logigames.bet9ja.com/swf/18000/libs/three.min.js?v=1.0.0, line 13: WebGL warning: texImage: Alpha-premult and y-flip are deprecated for non-DOM-Element uploads.
JavaScript warning: https://logigames.bet9ja.com/swf/18000/libs/three.min.js?v=1.0.0, line 13: WebGL warning: texImage: Alpha-premult and y-flip are deprecated for non-DOM-Element uploads.
JavaScript warning: https://logigames.bet9ja.com/swf/18000/libs/three.min.js?v=1.0.0, line 13: WebGL warning: texImage: Alpha-premult and y-flip are deprecated for non-DOM-Element uploads.
JavaScript warning: https://logigames.bet9ja.com/swf/18000/libs/three.min.js?v=1.0.0, line 13: WebGL warning: texImage: Alpha-premult and y-flip are deprecated for non-DOM-Element uploads.
JavaScript warning: https://logigames.bet9ja.com/swf/18000/libs/three.min.js?v=1.0.0, line 13: WebGL warning: texImage: Alpha-premult and y-flip are deprecated for non-DOM-Element uploads.
JavaScript warning: https://logigames.bet9ja.com/swf/18000/libs/three.min.js?v=1.0.0, line 13: WebGL warning: texImage: Alpha-premult and y-flip are deprecated for non-DOM-Element uploads.
1613259356146	Marionette	ERROR	[33] No reply from Marionette:Register
1613259557209	geckodriver	INFO	Listening on 127.0.0.1:33645
1613259558217	mozrunner::runner	INFO	Running command: "/usr/bin/firefox" "--marionette" "-foreground" "-no-remote" "-profile" "/tmp/rust_mozprofileBmle4N"
console.warn: SearchSettings: "get: No settings file exists, new profile?" (new Error("", "(unknown module)"))
1613259563710	Marionette	INFO	Listening on port 33505
1613259563754	Marionette	WARN	TLS certificate errors will be ignored for this session
1613259563778	Marionette	ERROR	[15] No reply from Marionette:Register
console.warn: SearchSettings: "get: No settings file exists, new profile?" (new Error("", "(unknown module)"))
JavaScript warning: https://logigames.bet9ja.com/swf/18000/libs/three.min.js?v=1.0.0, line 13: WebGL warning: texImage: Alpha-premult and y-flip are deprecated for non-DOM-Element uploads.
JavaScript warning: https://logigames.bet9ja.com/swf/18000/libs/three.min.js?v=1.0.0, line 13: WebGL warning: texImage: Alpha-premult and y-flip are deprecated for non-DOM-Element uploads.
JavaScript warning: https://logigames.bet9ja.com/swf/18000/libs/three.min.js?v=1.0.0, line 13: WebGL warning: texImage: Alpha-premult and y-flip are deprecated for non-DOM-Element uploads.
JavaScript warning: https://logigames.bet9ja.com/swf/18000/libs/three.min.js?v=1.0.0, line 13: WebGL warning: texImage: Alpha-premult and y-flip are deprecated for non-DOM-Element uploads.
JavaScript warning: https://logigames.bet9ja.com/swf/18000/libs/three.min.js?v=1.0.0, line 13: WebGL warning: texImage: Alpha-premult and y-flip are deprecated for non-DOM-Element uploads.
JavaScript warning: https://logigames.bet9ja.com/swf/18000/libs/three.min.js?v=1.0.0, line 13: WebGL warning: texImage: Alpha-premult and y-flip are deprecated for non-DOM-Element uploads.
JavaScript warning: https://logigames.bet9ja.com/swf/18000/libs/three.min.js?v=1.0.0, line 13: WebGL warning: texImage: Alpha-premult and y-flip are deprecated for non-DOM-Element uploads.
IPDL protocol error: Handler returned error code!

###!!! [Parent][DispatchAsyncMessage] Error: PLayerTransaction::Msg_ReleaseLayer Processing error: message was deserialized, but the handler returned false (indicating failure)

IPDL protocol error: Handler returned error code!

###!!! [Parent][DispatchAsyncMessage] Error: PLayerTransaction::Msg_ReleaseLayer Processing error: message was deserialized, but the handler returned false (indicating failure)

IPDL protocol error: Handler returned error code!

###!!! [Parent][DispatchAsyncMessage] Error: PLayerTransaction::Msg_ReleaseLayer Processing error: message was deserialized, but the handler returned false (indicating failure)

IPDL protocol error: Handler returned error code!

###!!! [Parent][DispatchAsyncMessage] Error: PLayerTransaction::Msg_ReleaseLayer Processing error: message was deserialized, but the handler returned false (indicating failure)

IPDL protocol error: Handler returned error code!

###!!! [Parent][DispatchAsyncMessage] Error: PLayerTransaction::Msg_ReleaseLayer Processing error: message was deserialized, but the handler returned false (indicating failure)

IPDL protocol error: Handler returned error code!

###!!! [Parent][DispatchAsyncMessage] Error: PLayerTransaction::Msg_ReleaseLayer Processing error: message was deserialized, but the handler returned false (indicating failure)

IPDL protocol error: Handler returned error code!

###!!! [Parent][DispatchAsyncMessage] Error: PLayerTransaction::Msg_ReleaseLayer Processing error: message was deserialized, but the handler returned false (indicating failure)

IPDL protocol error: Handler returned error code!

###!!! [Parent][DispatchAsyncMessage] Error: PLayerTransaction::Msg_ReleaseLayer Processing error: message was deserialized, but the handler returned false (indicating failure)

IPDL protocol error: Handler returned error code!

###!!! [Parent][DispatchAsyncMessage] Error: PLayerTransaction::Msg_ReleaseLayer Processing error: message was deserialized, but the handler returned false (indicating failure)

JavaScript error: resource://activity-stream/lib/ASRouter.jsm, line 987: NS_ERROR_ILLEGAL_VALUE: Component returned failure code: 0x80070057 (NS_ERROR_ILLEGAL_VALUE) [nsIObserverService.removeObserver]
1613259590407	Marionette	INFO	Stopped listening on port 46795
JavaScript error: resource://activity-stream/lib/ASRouter.jsm, line 987: NS_ERROR_ILLEGAL_VALUE: Component returned failure code: 0x80070057 (NS_ERROR_ILLEGAL_VALUE) [nsIObserverService.removeObserver]
1613259594652	Marionette	INFO	Stopped listening on port 33505
1613259597095	geckodriver	INFO	Listening on 127.0.0.1:45007
1613259598104	mozrunner::runner	INFO	Running command: "/usr/bin/firefox" "--marionette" "-foreground" "-no-remote" "-profile" "/tmp/rust_mozprofile5KNSd4"
console.warn: SearchSettings: "get: No settings file exists, new profile?" (new Error("", "(unknown module)"))
1613259603587	Marionette	INFO	Listening on port 35891
1613259603668	Marionette	WARN	TLS certificate errors will be ignored for this session
1613259603684	Marionette	ERROR	[15] No reply from Marionette:Register
console.warn: SearchSettings: "get: No settings file exists, new profile?" (new Error("", "(unknown module)"))
JavaScript warning: https://logigames.bet9ja.com/swf/18000/libs/three.min.js?v=1.0.0, line 13: WebGL warning: texImage: Alpha-premult and y-flip are deprecated for non-DOM-Element uploads.
JavaScript warning: https://logigames.bet9ja.com/swf/18000/libs/three.min.js?v=1.0.0, line 13: WebGL warning: texImage: Alpha-premult and y-flip are deprecated for non-DOM-Element uploads.
JavaScript warning: https://logigames.bet9ja.com/swf/18000/libs/three.min.js?v=1.0.0, line 13: WebGL warning: texImage: Alpha-premult and y-flip are deprecated for non-DOM-Element uploads.
JavaScript warning: https://logigames.bet9ja.com/swf/18000/libs/three.min.js?v=1.0.0, line 13: WebGL warning: texImage: Alpha-premult and y-flip are deprecated for non-DOM-Element uploads.
JavaScript warning: https://logigames.bet9ja.com/swf/18000/libs/three.min.js?v=1.0.0, line 13: WebGL warning: texImage: Alpha-premult and y-flip are deprecated for non-DOM-Element uploads.
JavaScript warning: https://logigames.bet9ja.com/swf/18000/libs/three.min.js?v=1.0.0, line 13: WebGL warning: texImage: Alpha-premult and y-flip are deprecated for non-DOM-Element uploads.
JavaScript warning: https://logigames.bet9ja.com/swf/18000/libs/three.min.js?v=1.0.0, line 13: WebGL warning: texImage: Alpha-premult and y-flip are deprecated for non-DOM-Element uploads.
console.log: WebExtensions: reset-default-search: No addons in our list are installed.
JavaScript warning: https://logigames.bet9ja.com/swf/18000/libs/three.min.js?v=1.0.0, line 13: WebGL warning: texImage: Alpha-premult and y-flip are deprecated for non-DOM-Element uploads.
JavaScript warning: https://logigames.bet9ja.com/swf/18000/libs/three.min.js?v=1.0.0, line 13: WebGL warning: texImage: Alpha-premult and y-flip are deprecated for non-DOM-Element uploads.
JavaScript warning: https://logigames.bet9ja.com/swf/18000/libs/three.min.js?v=1.0.0, line 13: WebGL warning: texImage: Alpha-premult and y-flip are deprecated for non-DOM-Element uploads.
JavaScript warning: https://logigames.bet9ja.com/swf/18000/libs/three.min.js?v=1.0.0, line 13: WebGL warning: texImage: Alpha-premult and y-flip are deprecated for non-DOM-Element uploads.
JavaScript warning: https://logigames.bet9ja.com/swf/18000/libs/three.min.js?v=1.0.0, line 13: WebGL warning: texImage: Alpha-premult and y-flip are deprecated for non-DOM-Element uploads.
JavaScript warning: https://logigames.bet9ja.com/swf/18000/libs/three.min.js?v=1.0.0, line 13: WebGL warning: texImage: Alpha-premult and y-flip are deprecated for non-DOM-Element uploads.
JavaScript warning: https://logigames.bet9ja.com/swf/18000/libs/three.min.js?v=1.0.0, line 13: WebGL warning: texImage: Alpha-premult and y-flip are deprecated for non-DOM-Element uploads.
1613260324784	Marionette	ERROR	[35] No reply from Marionette:Register
1613260895982	geckodriver	INFO	Listening on 127.0.0.1:50999
1613260896990	mozrunner::runner	INFO	Running command: "/usr/bin/firefox" "--marionette" "-foreground" "-no-remote" "-profile" "/tmp/rust_mozprofileEPiaLs"
console.warn: SearchSettings: "get: No settings file exists, new profile?" (new Error("", "(unknown module)"))
1613260903506	Marionette	INFO	Listening on port 39531
1613260903541	Marionette	WARN	TLS certificate errors will be ignored for this session
1613260903559	Marionette	ERROR	[15] No reply from Marionette:Register
console.error: Region.jsm: "Error fetching region" (new Error("TIMEOUT", "resource://gre/modules/Region.jsm", 775))
console.error: Region.jsm: "Failed to fetch region" (new Error("TIMEOUT", "resource://gre/modules/Region.jsm", 422))
console.log: WebExtensions: reset-default-search: No addons in our list are installed.
Gdk-Message: 20:09:37.321: firefox: Fatal IO error 11 (Resource temporarily unavailable) on X server :1.

Gdk-Message: 20:09:37.336: firefox: Fatal IO error 11 (Resource temporarily unavailable) on X server :1.

Exiting due to channel error.
Exiting due to channel error.
Exiting due to channel error.
Exiting due to channel error.
Exiting due to channel error.
Exiting due to channel error.
1613291044890	geckodriver	INFO	Listening on 127.0.0.1:34325
1613291045818	mozrunner::runner	INFO	Running command: "/usr/bin/firefox" "--marionette" "-foreground" "-no-remote" "-profile" "/tmp/rust_mozprofilezOAoB1"
console.warn: SearchSettings: "get: No settings file exists, new profile?" (new Error("", "(unknown module)"))
1613291053201	Marionette	INFO	Listening on port 42821
1613291053512	Marionette	WARN	TLS certificate errors will be ignored for this session
1613291053525	Marionette	ERROR	[18] No reply from Marionette:Register
console.warn: SearchSettings: "get: No settings file exists, new profile?" (new Error("", "(unknown module)"))
JavaScript warning: https://logigames.bet9ja.com/swf/18000/libs/three.min.js?v=1.0.0, line 13: WebGL warning: texImage: Alpha-premult and y-flip are deprecated for non-DOM-Element uploads.
JavaScript warning: https://logigames.bet9ja.com/swf/18000/libs/three.min.js?v=1.0.0, line 13: WebGL warning: texImage: Alpha-premult and y-flip are deprecated for non-DOM-Element uploads.
JavaScript warning: https://logigames.bet9ja.com/swf/18000/libs/three.min.js?v=1.0.0, line 13: WebGL warning: texImage: Alpha-premult and y-flip are deprecated for non-DOM-Element uploads.
JavaScript warning: https://logigames.bet9ja.com/swf/18000/libs/three.min.js?v=1.0.0, line 13: WebGL warning: texImage: Alpha-premult and y-flip are deprecated for non-DOM-Element uploads.
JavaScript warning: https://logigames.bet9ja.com/swf/18000/libs/three.min.js?v=1.0.0, line 13: WebGL warning: texImage: Alpha-premult and y-flip are deprecated for non-DOM-Element uploads.
JavaScript warning: https://logigames.bet9ja.com/swf/18000/libs/three.min.js?v=1.0.0, line 13: WebGL warning: texImage: Alpha-premult and y-flip are deprecated for non-DOM-Element uploads.
JavaScript warning: https://logigames.bet9ja.com/swf/18000/libs/three.min.js?v=1.0.0, line 13: WebGL warning: texImage: Alpha-premult and y-flip are deprecated for non-DOM-Element uploads.
1613291174348	geckodriver	INFO	Listening on 127.0.0.1:57605
1613291175357	mozrunner::runner	INFO	Running command: "/usr/bin/firefox" "--marionette" "-foreground" "-no-remote" "-profile" "/tmp/rust_mozprofileoTc6ls"
JavaScript error: resource://activity-stream/lib/ASRouter.jsm, line 987: NS_ERROR_ILLEGAL_VALUE: Component returned failure code: 0x80070057 (NS_ERROR_ILLEGAL_VALUE) [nsIObserverService.removeObserver]
console.warn: SearchSettings: "get: No settings file exists, new profile?" (new Error("", "(unknown module)"))
1613291180353	Marionette	INFO	Stopped listening on port 42821
1613291181166	Marionette	INFO	Listening on port 32893
1613291181191	Marionette	WARN	TLS certificate errors will be ignored for this session
1613291181200	Marionette	ERROR	[15] No reply from Marionette:Register
console.warn: SearchSettings: "get: No settings file exists, new profile?" (new Error("", "(unknown module)"))
JavaScript warning: https://logigames.bet9ja.com/swf/18000/libs/three.min.js?v=1.0.0, line 13: WebGL warning: texImage: Alpha-premult and y-flip are deprecated for non-DOM-Element uploads.
JavaScript warning: https://logigames.bet9ja.com/swf/18000/libs/three.min.js?v=1.0.0, line 13: WebGL warning: texImage: Alpha-premult and y-flip are deprecated for non-DOM-Element uploads.
JavaScript warning: https://logigames.bet9ja.com/swf/18000/libs/three.min.js?v=1.0.0, line 13: WebGL warning: texImage: Alpha-premult and y-flip are deprecated for non-DOM-Element uploads.
JavaScript warning: https://logigames.bet9ja.com/swf/18000/libs/three.min.js?v=1.0.0, line 13: WebGL warning: texImage: Alpha-premult and y-flip are deprecated for non-DOM-Element uploads.
JavaScript warning: https://logigames.bet9ja.com/swf/18000/libs/three.min.js?v=1.0.0, line 13: WebGL warning: texImage: Alpha-premult and y-flip are deprecated for non-DOM-Element uploads.
JavaScript warning: https://logigames.bet9ja.com/swf/18000/libs/three.min.js?v=1.0.0, line 13: WebGL warning: texImage: Alpha-premult and y-flip are deprecated for non-DOM-Element uploads.
JavaScript warning: https://logigames.bet9ja.com/swf/18000/libs/three.min.js?v=1.0.0, line 13: WebGL warning: texImage: Alpha-premult and y-flip are deprecated for non-DOM-Element uploads.
1613291293448	Marionette	ERROR	[33] No reply from Marionette:Register
JavaScript error: resource://gre/actors/AutoCompleteChild.jsm, line 125: Error: Invalid autocomplete selectedIndex
JavaScript error: resource://gre/actors/AutoCompleteChild.jsm, line 125: Error: Invalid autocomplete selectedIndex
JavaScript error: resource://gre/actors/AutoCompleteChild.jsm, line 125: Error: Invalid autocomplete selectedIndex
console.warn: "Async method failed in safeAsyncMethod" (new Error("Connection closed, pending request to server0.conn0.child3/domwalker25, type cancelPick failed\n\nRequest stack:\nrequest@resource://devtools/shared/protocol/Front.js:288:14\ngenerateRequestMethods/</frontProto[name]@resource://devtools/shared/protocol/Front/FrontClassWithSpec.js:46:19\ncancelPick@resource://devtools/client/fronts/walker.js:546:18\nexports.safeAsyncMethod/<@resource://devtools/shared/async-utils.js:57:25\n_onInspectorFrontDestroyed@resource://devtools/client/inspector/node-picker.js:112:18\n_emit@resource://devtools/shared/event-emitter.js:226:34\nemit@resource://devtools/shared/event-emitter.js:172:18\nemit@resource://devtools/shared/event-emitter.js:324:18\nunmanage@resource://devtools/shared/protocol/Front.js:168:37\ndestroy@resource://devtools/shared/protocol/Pool.js:167:14\nbaseFrontClassDestroy@resource://devtools/shared/protocol/Front.js:103:13\ndestroy@resource://devtools/shared/protocol/Front.js:67:10\ndestroy@resource://devtools/client/fronts/inspector.js:91:11\n_destroyTarget@resource://devtools/client/fronts/targets/target-mixin.js:603:17\n", "resource://devtools/shared/protocol/Front.js", 99))
1613291431108	Marionette	INFO	Stopped listening on port 32893
JavaScript error: resource://activity-stream/lib/ASRouter.jsm, line 987: NS_ERROR_ILLEGAL_VALUE: Component returned failure code: 0x80070057 (NS_ERROR_ILLEGAL_VALUE) [nsIObserverService.removeObserver]

###!!! [Parent][RunMessage] Error: Channel closing: too late to send/recv, messages will be lost

1613291435571	geckodriver	INFO	Listening on 127.0.0.1:34865
1613291436581	mozrunner::runner	INFO	Running command: "/usr/bin/firefox" "--marionette" "-foreground" "-no-remote" "-profile" "/tmp/rust_mozprofileh4EFAV"
console.warn: SearchSettings: "get: No settings file exists, new profile?" (new Error("", "(unknown module)"))
1613291442485	Marionette	INFO	Listening on port 39147
1613291442520	Marionette	WARN	TLS certificate errors will be ignored for this session
1613291442529	Marionette	ERROR	[15] No reply from Marionette:Register
console.warn: SearchSettings: "get: No settings file exists, new profile?" (new Error("", "(unknown module)"))
JavaScript warning: https://logigames.bet9ja.com/swf/18000/libs/three.min.js?v=1.0.0, line 13: WebGL warning: texImage: Alpha-premult and y-flip are deprecated for non-DOM-Element uploads.
JavaScript warning: https://logigames.bet9ja.com/swf/18000/libs/three.min.js?v=1.0.0, line 13: WebGL warning: texImage: Alpha-premult and y-flip are deprecated for non-DOM-Element uploads.
JavaScript warning: https://logigames.bet9ja.com/swf/18000/libs/three.min.js?v=1.0.0, line 13: WebGL warning: texImage: Alpha-premult and y-flip are deprecated for non-DOM-Element uploads.
JavaScript warning: https://logigames.bet9ja.com/swf/18000/libs/three.min.js?v=1.0.0, line 13: WebGL warning: texImage: Alpha-premult and y-flip are deprecated for non-DOM-Element uploads.
JavaScript warning: https://logigames.bet9ja.com/swf/18000/libs/three.min.js?v=1.0.0, line 13: WebGL warning: texImage: Alpha-premult and y-flip are deprecated for non-DOM-Element uploads.
JavaScript warning: https://logigames.bet9ja.com/swf/18000/libs/three.min.js?v=1.0.0, line 13: WebGL warning: texImage: Alpha-premult and y-flip are deprecated for non-DOM-Element uploads.
JavaScript warning: https://logigames.bet9ja.com/swf/18000/libs/three.min.js?v=1.0.0, line 13: WebGL warning: texImage: Alpha-premult and y-flip are deprecated for non-DOM-Element uploads.
1613291517887	Marionette	INFO	Stopped listening on port 39147
JavaScript error: resource://activity-stream/lib/ASRouter.jsm, line 987: NS_ERROR_ILLEGAL_VALUE: Component returned failure code: 0x80070057 (NS_ERROR_ILLEGAL_VALUE) [nsIObserverService.removeObserver]
1613291521058	geckodriver	INFO	Listening on 127.0.0.1:55861
1613291522068	mozrunner::runner	INFO	Running command: "/usr/bin/firefox" "--marionette" "-foreground" "-no-remote" "-profile" "/tmp/rust_mozprofiledJi1Gm"
console.warn: SearchSettings: "get: No settings file exists, new profile?" (new Error("", "(unknown module)"))
1613291528454	Marionette	INFO	Listening on port 37061
1613291528529	Marionette	WARN	TLS certificate errors will be ignored for this session
1613291528538	Marionette	ERROR	[15] No reply from Marionette:Register
console.warn: SearchSettings: "get: No settings file exists, new profile?" (new Error("", "(unknown module)"))
JavaScript warning: https://logigames.bet9ja.com/swf/18000/libs/three.min.js?v=1.0.0, line 13: WebGL warning: texImage: Alpha-premult and y-flip are deprecated for non-DOM-Element uploads.
JavaScript warning: https://logigames.bet9ja.com/swf/18000/libs/three.min.js?v=1.0.0, line 13: WebGL warning: texImage: Alpha-premult and y-flip are deprecated for non-DOM-Element uploads.
JavaScript warning: https://logigames.bet9ja.com/swf/18000/libs/three.min.js?v=1.0.0, line 13: WebGL warning: texImage: Alpha-premult and y-flip are deprecated for non-DOM-Element uploads.
JavaScript warning: https://logigames.bet9ja.com/swf/18000/libs/three.min.js?v=1.0.0, line 13: WebGL warning: texImage: Alpha-premult and y-flip are deprecated for non-DOM-Element uploads.
JavaScript warning: https://logigames.bet9ja.com/swf/18000/libs/three.min.js?v=1.0.0, line 13: WebGL warning: texImage: Alpha-premult and y-flip are deprecated for non-DOM-Element uploads.
JavaScript warning: https://logigames.bet9ja.com/swf/18000/libs/three.min.js?v=1.0.0, line 13: WebGL warning: texImage: Alpha-premult and y-flip are deprecated for non-DOM-Element uploads.
JavaScript warning: https://logigames.bet9ja.com/swf/18000/libs/three.min.js?v=1.0.0, line 13: WebGL warning: texImage: Alpha-premult and y-flip are deprecated for non-DOM-Element uploads.
1613291601210	Marionette	ERROR	[33] No reply from Marionette:Register
console.log: WebExtensions: reset-default-search: No addons in our list are installed.
1613292297836	geckodriver	INFO	Listening on 127.0.0.1:45977
1613292298845	mozrunner::runner	INFO	Running command: "/usr/bin/firefox" "--marionette" "-foreground" "-no-remote" "-profile" "/tmp/rust_mozprofileAOt1yY"
console.warn: SearchSettings: "get: No settings file exists, new profile?" (new Error("", "(unknown module)"))
1613292304034	Marionette	INFO	Listening on port 40439
1613292304078	Marionette	WARN	TLS certificate errors will be ignored for this session
1613292304085	Marionette	ERROR	[18] No reply from Marionette:Register
console.warn: SearchSettings: "get: No settings file exists, new profile?" (new Error("", "(unknown module)"))
JavaScript warning: https://logigames.bet9ja.com/swf/18000/libs/three.min.js?v=1.0.0, line 13: WebGL warning: texImage: Alpha-premult and y-flip are deprecated for non-DOM-Element uploads.
JavaScript warning: https://logigames.bet9ja.com/swf/18000/libs/three.min.js?v=1.0.0, line 13: WebGL warning: texImage: Alpha-premult and y-flip are deprecated for non-DOM-Element uploads.
JavaScript warning: https://logigames.bet9ja.com/swf/18000/libs/three.min.js?v=1.0.0, line 13: WebGL warning: texImage: Alpha-premult and y-flip are deprecated for non-DOM-Element uploads.
JavaScript warning: https://logigames.bet9ja.com/swf/18000/libs/three.min.js?v=1.0.0, line 13: WebGL warning: texImage: Alpha-premult and y-flip are deprecated for non-DOM-Element uploads.
JavaScript warning: https://logigames.bet9ja.com/swf/18000/libs/three.min.js?v=1.0.0, line 13: WebGL warning: texImage: Alpha-premult and y-flip are deprecated for non-DOM-Element uploads.
JavaScript warning: https://logigames.bet9ja.com/swf/18000/libs/three.min.js?v=1.0.0, line 13: WebGL warning: texImage: Alpha-premult and y-flip are deprecated for non-DOM-Element uploads.
JavaScript warning: https://logigames.bet9ja.com/swf/18000/libs/three.min.js?v=1.0.0, line 13: WebGL warning: texImage: Alpha-premult and y-flip are deprecated for non-DOM-Element uploads.
console.warn: "Async method failed in safeAsyncMethod" (new Error("Connection closed, pending request to server0.conn0.child3/domwalker25, type cancelPick failed\n\nRequest stack:\nrequest@resource://devtools/shared/protocol/Front.js:288:14\ngenerateRequestMethods/</frontProto[name]@resource://devtools/shared/protocol/Front/FrontClassWithSpec.js:46:19\ncancelPick@resource://devtools/client/fronts/walker.js:546:18\nexports.safeAsyncMethod/<@resource://devtools/shared/async-utils.js:57:25\n_onInspectorFrontDestroyed@resource://devtools/client/inspector/node-picker.js:112:18\n_emit@resource://devtools/shared/event-emitter.js:226:34\nemit@resource://devtools/shared/event-emitter.js:172:18\nemit@resource://devtools/shared/event-emitter.js:324:18\nunmanage@resource://devtools/shared/protocol/Front.js:168:37\ndestroy@resource://devtools/shared/protocol/Pool.js:167:14\nbaseFrontClassDestroy@resource://devtools/shared/protocol/Front.js:103:13\ndestroy@resource://devtools/shared/protocol/Front.js:67:10\ndestroy@resource://devtools/client/fronts/inspector.js:91:11\n_destroyTarget@resource://devtools/client/fronts/targets/target-mixin.js:603:17\n", "resource://devtools/shared/protocol/Front.js", 99))
JavaScript error: resource://activity-stream/lib/ASRouter.jsm, line 987: NS_ERROR_ILLEGAL_VALUE: Component returned failure code: 0x80070057 (NS_ERROR_ILLEGAL_VALUE) [nsIObserverService.removeObserver]
1613292332236	Marionette	INFO	Stopped listening on port 37061
JavaScript error: resource://activity-stream/lib/ASRouter.jsm, line 987: NS_ERROR_ILLEGAL_VALUE: Component returned failure code: 0x80070057 (NS_ERROR_ILLEGAL_VALUE) [nsIObserverService.removeObserver]
1613292333833	Marionette	INFO	Stopped listening on port 40439
1613292335068	geckodriver	INFO	Listening on 127.0.0.1:34367
1613292336078	mozrunner::runner	INFO	Running command: "/usr/bin/firefox" "--marionette" "-foreground" "-no-remote" "-profile" "/tmp/rust_mozprofilePNtTc4"
console.warn: SearchSettings: "get: No settings file exists, new profile?" (new Error("", "(unknown module)"))
1613292341976	Marionette	INFO	Listening on port 45079
1613292342014	Marionette	WARN	TLS certificate errors will be ignored for this session
1613292342023	Marionette	ERROR	[15] No reply from Marionette:Register
console.warn: SearchSettings: "get: No settings file exists, new profile?" (new Error("", "(unknown module)"))
JavaScript warning: https://logigames.bet9ja.com/swf/18000/libs/three.min.js?v=1.0.0, line 13: WebGL warning: texImage: Alpha-premult and y-flip are deprecated for non-DOM-Element uploads.
JavaScript warning: https://logigames.bet9ja.com/swf/18000/libs/three.min.js?v=1.0.0, line 13: WebGL warning: texImage: Alpha-premult and y-flip are deprecated for non-DOM-Element uploads.
JavaScript warning: https://logigames.bet9ja.com/swf/18000/libs/three.min.js?v=1.0.0, line 13: WebGL warning: texImage: Alpha-premult and y-flip are deprecated for non-DOM-Element uploads.
JavaScript warning: https://logigames.bet9ja.com/swf/18000/libs/three.min.js?v=1.0.0, line 13: WebGL warning: texImage: Alpha-premult and y-flip are deprecated for non-DOM-Element uploads.
JavaScript warning: https://logigames.bet9ja.com/swf/18000/libs/three.min.js?v=1.0.0, line 13: WebGL warning: texImage: Alpha-premult and y-flip are deprecated for non-DOM-Element uploads.
JavaScript warning: https://logigames.bet9ja.com/swf/18000/libs/three.min.js?v=1.0.0, line 13: WebGL warning: texImage: Alpha-premult and y-flip are deprecated for non-DOM-Element uploads.
JavaScript warning: https://logigames.bet9ja.com/swf/18000/libs/three.min.js?v=1.0.0, line 13: WebGL warning: texImage: Alpha-premult and y-flip are deprecated for non-DOM-Element uploads.
1613292373845	geckodriver	INFO	Listening on 127.0.0.1:36351
1613292374855	mozrunner::runner	INFO	Running command: "/usr/bin/firefox" "--marionette" "-foreground" "-no-remote" "-profile" "/tmp/rust_mozprofile3u6ECG"
console.warn: SearchSettings: "get: No settings file exists, new profile?" (new Error("", "(unknown module)"))
1613292381009	Marionette	INFO	Listening on port 34309
1613292381123	Marionette	WARN	TLS certificate errors will be ignored for this session
1613292381133	Marionette	ERROR	[15] No reply from Marionette:Register
console.warn: SearchSettings: "get: No settings file exists, new profile?" (new Error("", "(unknown module)"))
JavaScript warning: https://logigames.bet9ja.com/swf/18000/libs/three.min.js?v=1.0.0, line 13: WebGL warning: texImage: Alpha-premult and y-flip are deprecated for non-DOM-Element uploads.
JavaScript warning: https://logigames.bet9ja.com/swf/18000/libs/three.min.js?v=1.0.0, line 13: WebGL warning: texImage: Alpha-premult and y-flip are deprecated for non-DOM-Element uploads.
JavaScript warning: https://logigames.bet9ja.com/swf/18000/libs/three.min.js?v=1.0.0, line 13: WebGL warning: texImage: Alpha-premult and y-flip are deprecated for non-DOM-Element uploads.
JavaScript warning: https://logigames.bet9ja.com/swf/18000/libs/three.min.js?v=1.0.0, line 13: WebGL warning: texImage: Alpha-premult and y-flip are deprecated for non-DOM-Element uploads.
JavaScript warning: https://logigames.bet9ja.com/swf/18000/libs/three.min.js?v=1.0.0, line 13: WebGL warning: texImage: Alpha-premult and y-flip are deprecated for non-DOM-Element uploads.
JavaScript warning: https://logigames.bet9ja.com/swf/18000/libs/three.min.js?v=1.0.0, line 13: WebGL warning: texImage: Alpha-premult and y-flip are deprecated for non-DOM-Element uploads.
JavaScript warning: https://logigames.bet9ja.com/swf/18000/libs/three.min.js?v=1.0.0, line 13: WebGL warning: texImage: Alpha-premult and y-flip are deprecated for non-DOM-Element uploads.
1613292462616	geckodriver	INFO	Listening on 127.0.0.1:53011
1613292463626	mozrunner::runner	INFO	Running command: "/usr/bin/firefox" "--marionette" "-foreground" "-no-remote" "-profile" "/tmp/rust_mozprofilealdqzH"
console.warn: SearchSettings: "get: No settings file exists, new profile?" (new Error("", "(unknown module)"))
1613292468145	Marionette	INFO	Listening on port 39391
1613292468281	Marionette	WARN	TLS certificate errors will be ignored for this session
1613292468568	Marionette	ERROR	[15] No reply from Marionette:Register
console.warn: SearchSettings: "get: No settings file exists, new profile?" (new Error("", "(unknown module)"))
JavaScript warning: https://logigames.bet9ja.com/swf/18000/libs/three.min.js?v=1.0.0, line 13: WebGL warning: texImage: Alpha-premult and y-flip are deprecated for non-DOM-Element uploads.
JavaScript warning: https://logigames.bet9ja.com/swf/18000/libs/three.min.js?v=1.0.0, line 13: WebGL warning: texImage: Alpha-premult and y-flip are deprecated for non-DOM-Element uploads.
JavaScript warning: https://logigames.bet9ja.com/swf/18000/libs/three.min.js?v=1.0.0, line 13: WebGL warning: texImage: Alpha-premult and y-flip are deprecated for non-DOM-Element uploads.
JavaScript warning: https://logigames.bet9ja.com/swf/18000/libs/three.min.js?v=1.0.0, line 13: WebGL warning: texImage: Alpha-premult and y-flip are deprecated for non-DOM-Element uploads.
JavaScript warning: https://logigames.bet9ja.com/swf/18000/libs/three.min.js?v=1.0.0, line 13: WebGL warning: texImage: Alpha-premult and y-flip are deprecated for non-DOM-Element uploads.
JavaScript warning: https://logigames.bet9ja.com/swf/18000/libs/three.min.js?v=1.0.0, line 13: WebGL warning: texImage: Alpha-premult and y-flip are deprecated for non-DOM-Element uploads.
JavaScript warning: https://logigames.bet9ja.com/swf/18000/libs/three.min.js?v=1.0.0, line 13: WebGL warning: texImage: Alpha-premult and y-flip are deprecated for non-DOM-Element uploads.
JavaScript error: resource://activity-stream/lib/ASRouter.jsm, line 987: NS_ERROR_ILLEGAL_VALUE: Component returned failure code: 0x80070057 (NS_ERROR_ILLEGAL_VALUE) [nsIObserverService.removeObserver]
1613292483772	Marionette	INFO	Stopped listening on port 39391
1613292506856	geckodriver	INFO	Listening on 127.0.0.1:45747
1613292507864	mozrunner::runner	INFO	Running command: "/usr/bin/firefox" "--marionette" "-foreground" "-no-remote" "-profile" "/tmp/rust_mozprofilebxfiN0"
console.warn: SearchSettings: "get: No settings file exists, new profile?" (new Error("", "(unknown module)"))
1613292512458	Marionette	INFO	Listening on port 36341
1613292512494	Marionette	WARN	TLS certificate errors will be ignored for this session
1613292512504	Marionette	ERROR	[18] No reply from Marionette:Register
console.warn: SearchSettings: "get: No settings file exists, new profile?" (new Error("", "(unknown module)"))
JavaScript warning: https://logigames.bet9ja.com/swf/18000/libs/three.min.js?v=1.0.0, line 13: WebGL warning: texImage: Alpha-premult and y-flip are deprecated for non-DOM-Element uploads.
JavaScript warning: https://logigames.bet9ja.com/swf/18000/libs/three.min.js?v=1.0.0, line 13: WebGL warning: texImage: Alpha-premult and y-flip are deprecated for non-DOM-Element uploads.
JavaScript warning: https://logigames.bet9ja.com/swf/18000/libs/three.min.js?v=1.0.0, line 13: WebGL warning: texImage: Alpha-premult and y-flip are deprecated for non-DOM-Element uploads.
JavaScript warning: https://logigames.bet9ja.com/swf/18000/libs/three.min.js?v=1.0.0, line 13: WebGL warning: texImage: Alpha-premult and y-flip are deprecated for non-DOM-Element uploads.
JavaScript warning: https://logigames.bet9ja.com/swf/18000/libs/three.min.js?v=1.0.0, line 13: WebGL warning: texImage: Alpha-premult and y-flip are deprecated for non-DOM-Element uploads.
JavaScript warning: https://logigames.bet9ja.com/swf/18000/libs/three.min.js?v=1.0.0, line 13: WebGL warning: texImage: Alpha-premult and y-flip are deprecated for non-DOM-Element uploads.
JavaScript warning: https://logigames.bet9ja.com/swf/18000/libs/three.min.js?v=1.0.0, line 13: WebGL warning: texImage: Alpha-premult and y-flip are deprecated for non-DOM-Element uploads.
console.log: WebExtensions: reset-default-search: No addons in our list are installed.
console.log: WebExtensions: reset-default-search: No addons in our list are installed.
console.log: WebExtensions: reset-default-search: No addons in our list are installed.
1613293410564	Marionette	ERROR	[35] No reply from Marionette:Register
JavaScript error: resource://devtools/client/inspector/boxmodel/components/BoxModelMain.js, line 397: TypeError: this.layouts[target.getAttribute(...)] is undefined
JavaScript error: resource://devtools/client/inspector/boxmodel/components/BoxModelMain.js, line 397: TypeError: this.layouts[target.getAttribute(...)] is undefined
JavaScript error: resource://devtools/client/inspector/boxmodel/components/BoxModelMain.js, line 397: TypeError: this.layouts[target.getAttribute(...)] is undefined
JavaScript error: resource://devtools/client/inspector/boxmodel/components/BoxModelMain.js, line 397: TypeError: this.layouts[target.getAttribute(...)] is undefined
JavaScript error: resource://devtools/client/inspector/boxmodel/components/BoxModelMain.js, line 397: TypeError: this.layouts[target.getAttribute(...)] is undefined
1613294430412	Marionette	INFO	Stopped listening on port 36341
JavaScript error: resource://activity-stream/lib/ASRouter.jsm, line 987: NS_ERROR_ILLEGAL_VALUE: Component returned failure code: 0x80070057 (NS_ERROR_ILLEGAL_VALUE) [nsIObserverService.removeObserver]
1613294440078	Marionette	INFO	Stopped listening on port 34309
1613294472290	geckodriver	INFO	Listening on 127.0.0.1:38087
1613294473294	mozrunner::runner	INFO	Running command: "/usr/bin/firefox" "--marionette" "-foreground" "-no-remote" "-profile" "/tmp/rust_mozprofilex0jioa"
console.warn: SearchSettings: "get: No settings file exists, new profile?" (new Error("", "(unknown module)"))
1613294477914	Marionette	INFO	Listening on port 36413
1613294478023	Marionette	WARN	TLS certificate errors will be ignored for this session
1613294478031	Marionette	ERROR	[18] No reply from Marionette:Register
console.warn: SearchSettings: "get: No settings file exists, new profile?" (new Error("", "(unknown module)"))
JavaScript warning: https://logigames.bet9ja.com/swf/18000/libs/three.min.js?v=1.0.0, line 13: WebGL warning: texImage: Alpha-premult and y-flip are deprecated for non-DOM-Element uploads.
JavaScript warning: https://logigames.bet9ja.com/swf/18000/libs/three.min.js?v=1.0.0, line 13: WebGL warning: texImage: Alpha-premult and y-flip are deprecated for non-DOM-Element uploads.
JavaScript warning: https://logigames.bet9ja.com/swf/18000/libs/three.min.js?v=1.0.0, line 13: WebGL warning: texImage: Alpha-premult and y-flip are deprecated for non-DOM-Element uploads.
JavaScript warning: https://logigames.bet9ja.com/swf/18000/libs/three.min.js?v=1.0.0, line 13: WebGL warning: texImage: Alpha-premult and y-flip are deprecated for non-DOM-Element uploads.
JavaScript warning: https://logigames.bet9ja.com/swf/18000/libs/three.min.js?v=1.0.0, line 13: WebGL warning: texImage: Alpha-premult and y-flip are deprecated for non-DOM-Element uploads.
JavaScript warning: https://logigames.bet9ja.com/swf/18000/libs/three.min.js?v=1.0.0, line 13: WebGL warning: texImage: Alpha-premult and y-flip are deprecated for non-DOM-Element uploads.
JavaScript warning: https://logigames.bet9ja.com/swf/18000/libs/three.min.js?v=1.0.0, line 13: WebGL warning: texImage: Alpha-premult and y-flip are deprecated for non-DOM-Element uploads.
1613294536287	geckodriver	INFO	Listening on 127.0.0.1:52641
1613294537291	mozrunner::runner	INFO	Running command: "/usr/bin/firefox" "--marionette" "-foreground" "-no-remote" "-profile" "/tmp/rust_mozprofileo5GUvZ"
console.warn: SearchSettings: "get: No settings file exists, new profile?" (new Error("", "(unknown module)"))
1613294542240	Marionette	INFO	Listening on port 41267
1613294542325	Marionette	WARN	TLS certificate errors will be ignored for this session
1613294542337	Marionette	ERROR	[18] No reply from Marionette:Register
console.warn: SearchSettings: "get: No settings file exists, new profile?" (new Error("", "(unknown module)"))
JavaScript warning: https://logigames.bet9ja.com/swf/18000/libs/three.min.js?v=1.0.0, line 13: WebGL warning: texImage: Alpha-premult and y-flip are deprecated for non-DOM-Element uploads.
JavaScript warning: https://logigames.bet9ja.com/swf/18000/libs/three.min.js?v=1.0.0, line 13: WebGL warning: texImage: Alpha-premult and y-flip are deprecated for non-DOM-Element uploads.
JavaScript warning: https://logigames.bet9ja.com/swf/18000/libs/three.min.js?v=1.0.0, line 13: WebGL warning: texImage: Alpha-premult and y-flip are deprecated for non-DOM-Element uploads.
JavaScript warning: https://logigames.bet9ja.com/swf/18000/libs/three.min.js?v=1.0.0, line 13: WebGL warning: texImage: Alpha-premult and y-flip are deprecated for non-DOM-Element uploads.
JavaScript warning: https://logigames.bet9ja.com/swf/18000/libs/three.min.js?v=1.0.0, line 13: WebGL warning: texImage: Alpha-premult and y-flip are deprecated for non-DOM-Element uploads.
JavaScript warning: https://logigames.bet9ja.com/swf/18000/libs/three.min.js?v=1.0.0, line 13: WebGL warning: texImage: Alpha-premult and y-flip are deprecated for non-DOM-Element uploads.
JavaScript warning: https://logigames.bet9ja.com/swf/18000/libs/three.min.js?v=1.0.0, line 13: WebGL warning: texImage: Alpha-premult and y-flip are deprecated for non-DOM-Element uploads.
console.log: WebExtensions: reset-default-search: No addons in our list are installed.
1613294879534	geckodriver	INFO	Listening on 127.0.0.1:58423
1613294880545	mozrunner::runner	INFO	Running command: "/usr/bin/firefox" "--marionette" "-foreground" "-no-remote" "-profile" "/tmp/rust_mozprofileKMurE1"
console.warn: SearchSettings: "get: No settings file exists, new profile?" (new Error("", "(unknown module)"))
1613294885020	Marionette	INFO	Listening on port 40243
1613294885071	Marionette	WARN	TLS certificate errors will be ignored for this session
1613294885082	Marionette	ERROR	[15] No reply from Marionette:Register
console.warn: SearchSettings: "get: No settings file exists, new profile?" (new Error("", "(unknown module)"))
JavaScript warning: https://logigames.bet9ja.com/swf/18000/libs/three.min.js?v=1.0.0, line 13: WebGL warning: texImage: Alpha-premult and y-flip are deprecated for non-DOM-Element uploads.
JavaScript warning: https://logigames.bet9ja.com/swf/18000/libs/three.min.js?v=1.0.0, line 13: WebGL warning: texImage: Alpha-premult and y-flip are deprecated for non-DOM-Element uploads.
JavaScript warning: https://logigames.bet9ja.com/swf/18000/libs/three.min.js?v=1.0.0, line 13: WebGL warning: texImage: Alpha-premult and y-flip are deprecated for non-DOM-Element uploads.
JavaScript warning: https://logigames.bet9ja.com/swf/18000/libs/three.min.js?v=1.0.0, line 13: WebGL warning: texImage: Alpha-premult and y-flip are deprecated for non-DOM-Element uploads.
JavaScript warning: https://logigames.bet9ja.com/swf/18000/libs/three.min.js?v=1.0.0, line 13: WebGL warning: texImage: Alpha-premult and y-flip are deprecated for non-DOM-Element uploads.
JavaScript warning: https://logigames.bet9ja.com/swf/18000/libs/three.min.js?v=1.0.0, line 13: WebGL warning: texImage: Alpha-premult and y-flip are deprecated for non-DOM-Element uploads.
JavaScript warning: https://logigames.bet9ja.com/swf/18000/libs/three.min.js?v=1.0.0, line 13: WebGL warning: texImage: Alpha-premult and y-flip are deprecated for non-DOM-Element uploads.
1613294919923	geckodriver	INFO	Listening on 127.0.0.1:55249
1613294921063	mozrunner::runner	INFO	Running command: "/usr/bin/firefox" "--marionette" "-foreground" "-no-remote" "-profile" "/tmp/rust_mozprofileDnsWcc"
console.warn: SearchSettings: "get: No settings file exists, new profile?" (new Error("", "(unknown module)"))
JavaScript error: resource://activity-stream/lib/ASRouter.jsm, line 987: NS_ERROR_ILLEGAL_VALUE: Component returned failure code: 0x80070057 (NS_ERROR_ILLEGAL_VALUE) [nsIObserverService.removeObserver]
JavaScript error: resource://activity-stream/lib/ASRouter.jsm, line 987: NS_ERROR_ILLEGAL_VALUE: Component returned failure code: 0x80070057 (NS_ERROR_ILLEGAL_VALUE) [nsIObserverService.removeObserver]
1613294927667	Marionette	INFO	Stopped listening on port 36413
JavaScript error: resource://activity-stream/lib/ASRouter.jsm, line 987: NS_ERROR_ILLEGAL_VALUE: Component returned failure code: 0x80070057 (NS_ERROR_ILLEGAL_VALUE) [nsIObserverService.removeObserver]
1613294928102	Marionette	INFO	Listening on port 43529
1613294928203	Marionette	WARN	TLS certificate errors will be ignored for this session
1613294928211	Marionette	ERROR	[15] No reply from Marionette:Register
1613294928850	Marionette	INFO	Stopped listening on port 41267
1613294930043	Marionette	INFO	Stopped listening on port 40243

###!!! [Parent][RunMessage] Error: Channel closing: too late to send/recv, messages will be lost

console.warn: SearchSettings: "get: No settings file exists, new profile?" (new Error("", "(unknown module)"))
JavaScript warning: https://logigames.bet9ja.com/swf/18000/libs/three.min.js?v=1.0.0, line 13: WebGL warning: texImage: Alpha-premult and y-flip are deprecated for non-DOM-Element uploads.
JavaScript warning: https://logigames.bet9ja.com/swf/18000/libs/three.min.js?v=1.0.0, line 13: WebGL warning: texImage: Alpha-premult and y-flip are deprecated for non-DOM-Element uploads.
JavaScript warning: https://logigames.bet9ja.com/swf/18000/libs/three.min.js?v=1.0.0, line 13: WebGL warning: texImage: Alpha-premult and y-flip are deprecated for non-DOM-Element uploads.
JavaScript warning: https://logigames.bet9ja.com/swf/18000/libs/three.min.js?v=1.0.0, line 13: WebGL warning: texImage: Alpha-premult and y-flip are deprecated for non-DOM-Element uploads.
JavaScript warning: https://logigames.bet9ja.com/swf/18000/libs/three.min.js?v=1.0.0, line 13: WebGL warning: texImage: Alpha-premult and y-flip are deprecated for non-DOM-Element uploads.
JavaScript warning: https://logigames.bet9ja.com/swf/18000/libs/three.min.js?v=1.0.0, line 13: WebGL warning: texImage: Alpha-premult and y-flip are deprecated for non-DOM-Element uploads.
JavaScript warning: https://logigames.bet9ja.com/swf/18000/libs/three.min.js?v=1.0.0, line 13: WebGL warning: texImage: Alpha-premult and y-flip are deprecated for non-DOM-Element uploads.
1613294969302	Marionette	ERROR	[33] No reply from Marionette:Register
*************************
A coding exception was thrown in a Promise resolution callback.
See https://developer.mozilla.org/Mozilla/JavaScript_code_modules/Promise.jsm/Promise

Full message: TypeError: container.editor is undefined
Full stack: showNode/<@resource://devtools/client/inspector/markup/markup.js:1553:9
process@resource://gre/modules/Promise-backend.js:961:38
walkerLoop@resource://gre/modules/Promise-backend.js:845:29
Promise*scheduleWalkerLoop@resource://gre/modules/Promise-backend.js:775:19
schedulePromise@resource://gre/modules/Promise-backend.js:809:12
Promise.prototype.then@resource://gre/modules/Promise-backend.js:483:19
showNode@resource://devtools/client/inspector/markup/markup.js:1545:8
_onToolboxPickerHover@resource://devtools/client/inspector/markup/markup.js:445:10
_emit@resource://devtools/shared/event-emitter.js:226:34
emit@resource://devtools/shared/event-emitter.js:172:18
emit@resource://devtools/shared/event-emitter.js:324:18
_onHovered@resource://devtools/client/inspector/node-picker.js:195:10
_emit@resource://devtools/shared/event-emitter.js:226:34
emit@resource://devtools/shared/event-emitter.js:172:18
emit@resource://devtools/shared/event-emitter.js:324:18
onPacket@resource://devtools/shared/protocol/Front.js:332:13
onPacket@resource://devtools/client/devtools-client.js:489:13
send/<@resource://devtools/shared/transport/local-transport.js:68:25
exports.makeInfallible/<@resource://devtools/shared/ThreadSafeDevToolsUtils.js:103:22
exports.makeInfallible/<@resource://devtools/shared/ThreadSafeDevToolsUtils.js:103:22

*************************
console.error: (new TypeError("container.editor is undefined", "resource://devtools/client/inspector/markup/markup.js", 1553))
JavaScript error: resource://activity-stream/lib/ASRouter.jsm, line 987: NS_ERROR_ILLEGAL_VALUE: Component returned failure code: 0x80070057 (NS_ERROR_ILLEGAL_VALUE) [nsIObserverService.removeObserver]
IPDL protocol error: Handler returned error code!

###!!! [Parent][DispatchAsyncMessage] Error: PLayerTransaction::Msg_ReleaseLayer Processing error: message was deserialized, but the handler returned false (indicating failure)

IPDL protocol error: Handler returned error code!

###!!! [Parent][DispatchAsyncMessage] Error: PLayerTransaction::Msg_ReleaseLayer Processing error: message was deserialized, but the handler returned false (indicating failure)

IPDL protocol error: Handler returned error code!

###!!! [Parent][DispatchAsyncMessage] Error: PLayerTransaction::Msg_ReleaseLayer Processing error: message was deserialized, but the handler returned false (indicating failure)

IPDL protocol error: Handler returned error code!

###!!! [Parent][DispatchAsyncMessage] Error: PLayerTransaction::Msg_ReleaseLayer Processing error: message was deserialized, but the handler returned false (indicating failure)

IPDL protocol error: Handler returned error code!

###!!! [Parent][DispatchAsyncMessage] Error: PLayerTransaction::Msg_ReleaseLayer Processing error: message was deserialized, but the handler returned false (indicating failure)

IPDL protocol error: Handler returned error code!

###!!! [Parent][DispatchAsyncMessage] Error: PLayerTransaction::Msg_ReleaseLayer Processing error: message was deserialized, but the handler returned false (indicating failure)

IPDL protocol error: Handler returned error code!

###!!! [Parent][DispatchAsyncMessage] Error: PLayerTransaction::Msg_ReleaseLayer Processing error: message was deserialized, but the handler returned false (indicating failure)

IPDL protocol error: Handler returned error code!

###!!! [Parent][DispatchAsyncMessage] Error: PLayerTransaction::Msg_ReleaseLayer Processing error: message was deserialized, but the handler returned false (indicating failure)

IPDL protocol error: Handler returned error code!

###!!! [Parent][DispatchAsyncMessage] Error: PLayerTransaction::Msg_ReleaseLayer Processing error: message was deserialized, but the handler returned false (indicating failure)

1613295077375	Marionette	INFO	Stopped listening on port 43529
Gdk-Message: 10:16:04.366: firefox: Fatal IO error 11 (Resource temporarily unavailable) on X server :1.

Exiting due to channel error.
Exiting due to channel error.
Exiting due to channel error.
1613322306348	geckodriver	INFO	Listening on 127.0.0.1:47021
1613322307294	mozrunner::runner	INFO	Running command: "/usr/bin/firefox" "--marionette" "-foreground" "-no-remote" "-profile" "/tmp/rust_mozprofileihgJSr"
console.warn: SearchSettings: "get: No settings file exists, new profile?" (new Error("", "(unknown module)"))
1613322314079	Marionette	INFO	Listening on port 41343
1613322314346	Marionette	WARN	TLS certificate errors will be ignored for this session
1613322314443	Marionette	ERROR	[15] No reply from Marionette:Register
console.warn: SearchSettings: "get: No settings file exists, new profile?" (new Error("", "(unknown module)"))
JavaScript warning: https://logigames.bet9ja.com/swf/18000/libs/three.min.js?v=1.0.0, line 13: WebGL warning: texImage: Alpha-premult and y-flip are deprecated for non-DOM-Element uploads.
JavaScript warning: https://logigames.bet9ja.com/swf/18000/libs/three.min.js?v=1.0.0, line 13: WebGL warning: texImage: Alpha-premult and y-flip are deprecated for non-DOM-Element uploads.
JavaScript warning: https://logigames.bet9ja.com/swf/18000/libs/three.min.js?v=1.0.0, line 13: WebGL warning: texImage: Alpha-premult and y-flip are deprecated for non-DOM-Element uploads.
JavaScript warning: https://logigames.bet9ja.com/swf/18000/libs/three.min.js?v=1.0.0, line 13: WebGL warning: texImage: Alpha-premult and y-flip are deprecated for non-DOM-Element uploads.
JavaScript warning: https://logigames.bet9ja.com/swf/18000/libs/three.min.js?v=1.0.0, line 13: WebGL warning: texImage: Alpha-premult and y-flip are deprecated for non-DOM-Element uploads.
JavaScript warning: https://logigames.bet9ja.com/swf/18000/libs/three.min.js?v=1.0.0, line 13: WebGL warning: texImage: Alpha-premult and y-flip are deprecated for non-DOM-Element uploads.
JavaScript warning: https://logigames.bet9ja.com/swf/18000/libs/three.min.js?v=1.0.0, line 13: WebGL warning: texImage: Alpha-premult and y-flip are deprecated for non-DOM-Element uploads.
1613322355100	geckodriver	INFO	Listening on 127.0.0.1:45065
1613322356109	mozrunner::runner	INFO	Running command: "/usr/bin/firefox" "--marionette" "-foreground" "-no-remote" "-profile" "/tmp/rust_mozprofileioe4aR"
console.warn: SearchSettings: "get: No settings file exists, new profile?" (new Error("", "(unknown module)"))
JavaScript error: resource://activity-stream/lib/ASRouter.jsm, line 987: NS_ERROR_ILLEGAL_VALUE: Component returned failure code: 0x80070057 (NS_ERROR_ILLEGAL_VALUE) [nsIObserverService.removeObserver]
1613322361554	Marionette	INFO	Listening on port 37625
1613322361642	Marionette	WARN	TLS certificate errors will be ignored for this session
1613322361652	Marionette	ERROR	[15] No reply from Marionette:Register
1613322363654	Marionette	INFO	Stopped listening on port 41343
console.warn: SearchSettings: "get: No settings file exists, new profile?" (new Error("", "(unknown module)"))
JavaScript warning: https://logigames.bet9ja.com/swf/18000/libs/three.min.js?v=1.0.0, line 13: WebGL warning: texImage: Alpha-premult and y-flip are deprecated for non-DOM-Element uploads.
JavaScript warning: https://logigames.bet9ja.com/swf/18000/libs/three.min.js?v=1.0.0, line 13: WebGL warning: texImage: Alpha-premult and y-flip are deprecated for non-DOM-Element uploads.
JavaScript warning: https://logigames.bet9ja.com/swf/18000/libs/three.min.js?v=1.0.0, line 13: WebGL warning: texImage: Alpha-premult and y-flip are deprecated for non-DOM-Element uploads.
JavaScript warning: https://logigames.bet9ja.com/swf/18000/libs/three.min.js?v=1.0.0, line 13: WebGL warning: texImage: Alpha-premult and y-flip are deprecated for non-DOM-Element uploads.
JavaScript warning: https://logigames.bet9ja.com/swf/18000/libs/three.min.js?v=1.0.0, line 13: WebGL warning: texImage: Alpha-premult and y-flip are deprecated for non-DOM-Element uploads.
JavaScript warning: https://logigames.bet9ja.com/swf/18000/libs/three.min.js?v=1.0.0, line 13: WebGL warning: texImage: Alpha-premult and y-flip are deprecated for non-DOM-Element uploads.
JavaScript warning: https://logigames.bet9ja.com/swf/18000/libs/three.min.js?v=1.0.0, line 13: WebGL warning: texImage: Alpha-premult and y-flip are deprecated for non-DOM-Element uploads.
1613322613649	geckodriver	INFO	Listening on 127.0.0.1:48499
1613322614659	mozrunner::runner	INFO	Running command: "/usr/bin/firefox" "--marionette" "-foreground" "-no-remote" "-profile" "/tmp/rust_mozprofile6andWd"
console.warn: SearchSettings: "get: No settings file exists, new profile?" (new Error("", "(unknown module)"))
1613322619955	Marionette	INFO	Listening on port 45005
1613322619994	Marionette	WARN	TLS certificate errors will be ignored for this session
1613322620004	Marionette	ERROR	[18] No reply from Marionette:Register
console.warn: SearchSettings: "get: No settings file exists, new profile?" (new Error("", "(unknown module)"))
JavaScript warning: https://logigames.bet9ja.com/swf/18000/libs/three.min.js?v=1.0.0, line 13: WebGL warning: texImage: Alpha-premult and y-flip are deprecated for non-DOM-Element uploads.
JavaScript warning: https://logigames.bet9ja.com/swf/18000/libs/three.min.js?v=1.0.0, line 13: WebGL warning: texImage: Alpha-premult and y-flip are deprecated for non-DOM-Element uploads.
JavaScript warning: https://logigames.bet9ja.com/swf/18000/libs/three.min.js?v=1.0.0, line 13: WebGL warning: texImage: Alpha-premult and y-flip are deprecated for non-DOM-Element uploads.
JavaScript warning: https://logigames.bet9ja.com/swf/18000/libs/three.min.js?v=1.0.0, line 13: WebGL warning: texImage: Alpha-premult and y-flip are deprecated for non-DOM-Element uploads.
JavaScript warning: https://logigames.bet9ja.com/swf/18000/libs/three.min.js?v=1.0.0, line 13: WebGL warning: texImage: Alpha-premult and y-flip are deprecated for non-DOM-Element uploads.
JavaScript warning: https://logigames.bet9ja.com/swf/18000/libs/three.min.js?v=1.0.0, line 13: WebGL warning: texImage: Alpha-premult and y-flip are deprecated for non-DOM-Element uploads.
JavaScript warning: https://logigames.bet9ja.com/swf/18000/libs/three.min.js?v=1.0.0, line 13: WebGL warning: texImage: Alpha-premult and y-flip are deprecated for non-DOM-Element uploads.
1613322724817	geckodriver	INFO	Listening on 127.0.0.1:49827
1613322725825	mozrunner::runner	INFO	Running command: "/usr/bin/firefox" "--marionette" "-foreground" "-no-remote" "-profile" "/tmp/rust_mozprofileOBBkQI"
console.warn: SearchSettings: "get: No settings file exists, new profile?" (new Error("", "(unknown module)"))
JavaScript error: resource://activity-stream/lib/ASRouter.jsm, line 987: NS_ERROR_ILLEGAL_VALUE: Component returned failure code: 0x80070057 (NS_ERROR_ILLEGAL_VALUE) [nsIObserverService.removeObserver]
JavaScript error: resource://activity-stream/lib/ASRouter.jsm, line 987: NS_ERROR_ILLEGAL_VALUE: Component returned failure code: 0x80070057 (NS_ERROR_ILLEGAL_VALUE) [nsIObserverService.removeObserver]
1613322731563	Marionette	INFO	Stopped listening on port 37625
1613322731816	Marionette	INFO	Listening on port 37177
1613322731858	Marionette	WARN	TLS certificate errors will be ignored for this session
1613322731866	Marionette	ERROR	[15] No reply from Marionette:Register
1613322734276	Marionette	INFO	Stopped listening on port 45005
console.warn: SearchSettings: "get: No settings file exists, new profile?" (new Error("", "(unknown module)"))
JavaScript warning: https://logigames.bet9ja.com/swf/18000/libs/three.min.js?v=1.0.0, line 13: WebGL warning: texImage: Alpha-premult and y-flip are deprecated for non-DOM-Element uploads.
JavaScript warning: https://logigames.bet9ja.com/swf/18000/libs/three.min.js?v=1.0.0, line 13: WebGL warning: texImage: Alpha-premult and y-flip are deprecated for non-DOM-Element uploads.
JavaScript warning: https://logigames.bet9ja.com/swf/18000/libs/three.min.js?v=1.0.0, line 13: WebGL warning: texImage: Alpha-premult and y-flip are deprecated for non-DOM-Element uploads.
JavaScript warning: https://logigames.bet9ja.com/swf/18000/libs/three.min.js?v=1.0.0, line 13: WebGL warning: texImage: Alpha-premult and y-flip are deprecated for non-DOM-Element uploads.
JavaScript warning: https://logigames.bet9ja.com/swf/18000/libs/three.min.js?v=1.0.0, line 13: WebGL warning: texImage: Alpha-premult and y-flip are deprecated for non-DOM-Element uploads.
JavaScript warning: https://logigames.bet9ja.com/swf/18000/libs/three.min.js?v=1.0.0, line 13: WebGL warning: texImage: Alpha-premult and y-flip are deprecated for non-DOM-Element uploads.
JavaScript warning: https://logigames.bet9ja.com/swf/18000/libs/three.min.js?v=1.0.0, line 13: WebGL warning: texImage: Alpha-premult and y-flip are deprecated for non-DOM-Element uploads.
1613322866749	geckodriver	INFO	Listening on 127.0.0.1:35973
1613322867759	mozrunner::runner	INFO	Running command: "/usr/bin/firefox" "--marionette" "-foreground" "-no-remote" "-profile" "/tmp/rust_mozprofileZqmOrX"
console.warn: SearchSettings: "get: No settings file exists, new profile?" (new Error("", "(unknown module)"))
JavaScript error: resource://activity-stream/lib/ASRouter.jsm, line 987: NS_ERROR_ILLEGAL_VALUE: Component returned failure code: 0x80070057 (NS_ERROR_ILLEGAL_VALUE) [nsIObserverService.removeObserver]
1613322872441	Marionette	INFO	Stopped listening on port 37177
1613322873212	Marionette	INFO	Listening on port 44949
1613322873318	Marionette	WARN	TLS certificate errors will be ignored for this session
1613322873330	Marionette	ERROR	[18] No reply from Marionette:Register
console.warn: SearchSettings: "get: No settings file exists, new profile?" (new Error("", "(unknown module)"))
JavaScript warning: https://logigames.bet9ja.com/swf/18000/libs/three.min.js?v=1.0.0, line 13: WebGL warning: texImage: Alpha-premult and y-flip are deprecated for non-DOM-Element uploads.
JavaScript warning: https://logigames.bet9ja.com/swf/18000/libs/three.min.js?v=1.0.0, line 13: WebGL warning: texImage: Alpha-premult and y-flip are deprecated for non-DOM-Element uploads.
JavaScript warning: https://logigames.bet9ja.com/swf/18000/libs/three.min.js?v=1.0.0, line 13: WebGL warning: texImage: Alpha-premult and y-flip are deprecated for non-DOM-Element uploads.
JavaScript warning: https://logigames.bet9ja.com/swf/18000/libs/three.min.js?v=1.0.0, line 13: WebGL warning: texImage: Alpha-premult and y-flip are deprecated for non-DOM-Element uploads.
JavaScript warning: https://logigames.bet9ja.com/swf/18000/libs/three.min.js?v=1.0.0, line 13: WebGL warning: texImage: Alpha-premult and y-flip are deprecated for non-DOM-Element uploads.
JavaScript warning: https://logigames.bet9ja.com/swf/18000/libs/three.min.js?v=1.0.0, line 13: WebGL warning: texImage: Alpha-premult and y-flip are deprecated for non-DOM-Element uploads.
JavaScript warning: https://logigames.bet9ja.com/swf/18000/libs/three.min.js?v=1.0.0, line 13: WebGL warning: texImage: Alpha-premult and y-flip are deprecated for non-DOM-Element uploads.
1613322892557	geckodriver	INFO	Listening on 127.0.0.1:55791
1613322893566	mozrunner::runner	INFO	Running command: "/usr/bin/firefox" "--marionette" "-foreground" "-no-remote" "-profile" "/tmp/rust_mozprofileY8Hti2"
JavaScript error: resource://activity-stream/lib/ASRouter.jsm, line 987: NS_ERROR_ILLEGAL_VALUE: Component returned failure code: 0x80070057 (NS_ERROR_ILLEGAL_VALUE) [nsIObserverService.removeObserver]
console.warn: SearchSettings: "get: No settings file exists, new profile?" (new Error("", "(unknown module)"))
1613322897810	Marionette	INFO	Stopped listening on port 44949
1613322899126	Marionette	INFO	Listening on port 34945
1613322899206	Marionette	WARN	TLS certificate errors will be ignored for this session
1613322899216	Marionette	ERROR	[15] No reply from Marionette:Register
console.warn: SearchSettings: "get: No settings file exists, new profile?" (new Error("", "(unknown module)"))
JavaScript warning: https://logigames.bet9ja.com/swf/18000/libs/three.min.js?v=1.0.0, line 13: WebGL warning: texImage: Alpha-premult and y-flip are deprecated for non-DOM-Element uploads.
JavaScript warning: https://logigames.bet9ja.com/swf/18000/libs/three.min.js?v=1.0.0, line 13: WebGL warning: texImage: Alpha-premult and y-flip are deprecated for non-DOM-Element uploads.
JavaScript warning: https://logigames.bet9ja.com/swf/18000/libs/three.min.js?v=1.0.0, line 13: WebGL warning: texImage: Alpha-premult and y-flip are deprecated for non-DOM-Element uploads.
JavaScript warning: https://logigames.bet9ja.com/swf/18000/libs/three.min.js?v=1.0.0, line 13: WebGL warning: texImage: Alpha-premult and y-flip are deprecated for non-DOM-Element uploads.
JavaScript warning: https://logigames.bet9ja.com/swf/18000/libs/three.min.js?v=1.0.0, line 13: WebGL warning: texImage: Alpha-premult and y-flip are deprecated for non-DOM-Element uploads.
JavaScript warning: https://logigames.bet9ja.com/swf/18000/libs/three.min.js?v=1.0.0, line 13: WebGL warning: texImage: Alpha-premult and y-flip are deprecated for non-DOM-Element uploads.
JavaScript warning: https://logigames.bet9ja.com/swf/18000/libs/three.min.js?v=1.0.0, line 13: WebGL warning: texImage: Alpha-premult and y-flip are deprecated for non-DOM-Element uploads.
console.log: WebExtensions: reset-default-search: No addons in our list are installed.
Gdk-Message: 20:46:53.190: firefox: Fatal IO error 11 (Resource temporarily unavailable) on X server :1.

Exiting due to channel error.
Exiting due to channel error.
Exiting due to channel error.
Sandbox: Unexpected EOF, op 0 flags 02000000 path /etc/localtime
1613366114046	geckodriver	INFO	Listening on 127.0.0.1:51167
1613366114933	mozrunner::runner	INFO	Running command: "/usr/bin/firefox" "--marionette" "-foreground" "-no-remote" "-profile" "/tmp/rust_mozprofile18TwMW"
console.warn: SearchSettings: "get: No settings file exists, new profile?" (new Error("", "(unknown module)"))
1613366122295	Marionette	INFO	Listening on port 41701
1613366122427	Marionette	WARN	TLS certificate errors will be ignored for this session
1613366122461	Marionette	ERROR	[18] No reply from Marionette:Register
console.warn: SearchSettings: "get: No settings file exists, new profile?" (new Error("", "(unknown module)"))
JavaScript warning: https://logigames.bet9ja.com/swf/18000/libs/three.min.js?v=1.0.0, line 13: WebGL warning: texImage: Alpha-premult and y-flip are deprecated for non-DOM-Element uploads.
JavaScript warning: https://logigames.bet9ja.com/swf/18000/libs/three.min.js?v=1.0.0, line 13: WebGL warning: texImage: Alpha-premult and y-flip are deprecated for non-DOM-Element uploads.
JavaScript warning: https://logigames.bet9ja.com/swf/18000/libs/three.min.js?v=1.0.0, line 13: WebGL warning: texImage: Alpha-premult and y-flip are deprecated for non-DOM-Element uploads.
JavaScript warning: https://logigames.bet9ja.com/swf/18000/libs/three.min.js?v=1.0.0, line 13: WebGL warning: texImage: Alpha-premult and y-flip are deprecated for non-DOM-Element uploads.
JavaScript warning: https://logigames.bet9ja.com/swf/18000/libs/three.min.js?v=1.0.0, line 13: WebGL warning: texImage: Alpha-premult and y-flip are deprecated for non-DOM-Element uploads.
JavaScript warning: https://logigames.bet9ja.com/swf/18000/libs/three.min.js?v=1.0.0, line 13: WebGL warning: texImage: Alpha-premult and y-flip are deprecated for non-DOM-Element uploads.
JavaScript warning: https://logigames.bet9ja.com/swf/18000/libs/three.min.js?v=1.0.0, line 13: WebGL warning: texImage: Alpha-premult and y-flip are deprecated for non-DOM-Element uploads.
console.log: WebExtensions: reset-default-search: No addons in our list are installed.
JavaScript error: resource://activity-stream/lib/ASRouter.jsm, line 987: NS_ERROR_ILLEGAL_VALUE: Component returned failure code: 0x80070057 (NS_ERROR_ILLEGAL_VALUE) [nsIObserverService.removeObserver]
1613367369006	Marionette	INFO	Stopped listening on port 41701
1613367876019	geckodriver	INFO	Listening on 127.0.0.1:52069
1613367876022	mozrunner::runner	INFO	Running command: "/usr/bin/firefox" "--marionette" "-foreground" "-no-remote" "-profile" "/tmp/rust_mozprofileCJaNol"
console.warn: SearchSettings: "get: No settings file exists, new profile?" (new Error("", "(unknown module)"))
1613367882092	Marionette	INFO	Listening on port 46411
1613367882154	Marionette	WARN	TLS certificate errors will be ignored for this session
1613367882164	Marionette	ERROR	[15] No reply from Marionette:Register
console.warn: SearchSettings: "get: No settings file exists, new profile?" (new Error("", "(unknown module)"))
JavaScript warning: https://logigames.bet9ja.com/swf/18000/libs/three.min.js?v=1.0.0, line 13: WebGL warning: texImage: Alpha-premult and y-flip are deprecated for non-DOM-Element uploads.
JavaScript warning: https://logigames.bet9ja.com/swf/18000/libs/three.min.js?v=1.0.0, line 13: WebGL warning: texImage: Alpha-premult and y-flip are deprecated for non-DOM-Element uploads.
JavaScript warning: https://logigames.bet9ja.com/swf/18000/libs/three.min.js?v=1.0.0, line 13: WebGL warning: texImage: Alpha-premult and y-flip are deprecated for non-DOM-Element uploads.
JavaScript warning: https://logigames.bet9ja.com/swf/18000/libs/three.min.js?v=1.0.0, line 13: WebGL warning: texImage: Alpha-premult and y-flip are deprecated for non-DOM-Element uploads.
JavaScript warning: https://logigames.bet9ja.com/swf/18000/libs/three.min.js?v=1.0.0, line 13: WebGL warning: texImage: Alpha-premult and y-flip are deprecated for non-DOM-Element uploads.
JavaScript warning: https://logigames.bet9ja.com/swf/18000/libs/three.min.js?v=1.0.0, line 13: WebGL warning: texImage: Alpha-premult and y-flip are deprecated for non-DOM-Element uploads.
JavaScript warning: https://logigames.bet9ja.com/swf/18000/libs/three.min.js?v=1.0.0, line 13: WebGL warning: texImage: Alpha-premult and y-flip are deprecated for non-DOM-Element uploads.
JavaScript error: resource://activity-stream/lib/ASRouter.jsm, line 987: NS_ERROR_ILLEGAL_VALUE: Component returned failure code: 0x80070057 (NS_ERROR_ILLEGAL_VALUE) [nsIObserverService.removeObserver]
1613368060195	Marionette	INFO	Stopped listening on port 46411
1613368061254	geckodriver	INFO	Listening on 127.0.0.1:58447
1613368061258	mozrunner::runner	INFO	Running command: "/usr/bin/firefox" "--marionette" "-foreground" "-no-remote" "-profile" "/tmp/rust_mozprofilePnLd9u"
console.warn: SearchSettings: "get: No settings file exists, new profile?" (new Error("", "(unknown module)"))
1613368065998	Marionette	INFO	Listening on port 45327
1613368066103	Marionette	WARN	TLS certificate errors will be ignored for this session
1613368066124	Marionette	ERROR	[15] No reply from Marionette:Register
console.warn: SearchSettings: "get: No settings file exists, new profile?" (new Error("", "(unknown module)"))
JavaScript warning: https://logigames.bet9ja.com/swf/18000/libs/three.min.js?v=1.0.0, line 13: WebGL warning: texImage: Alpha-premult and y-flip are deprecated for non-DOM-Element uploads.
JavaScript warning: https://logigames.bet9ja.com/swf/18000/libs/three.min.js?v=1.0.0, line 13: WebGL warning: texImage: Alpha-premult and y-flip are deprecated for non-DOM-Element uploads.
JavaScript warning: https://logigames.bet9ja.com/swf/18000/libs/three.min.js?v=1.0.0, line 13: WebGL warning: texImage: Alpha-premult and y-flip are deprecated for non-DOM-Element uploads.
JavaScript warning: https://logigames.bet9ja.com/swf/18000/libs/three.min.js?v=1.0.0, line 13: WebGL warning: texImage: Alpha-premult and y-flip are deprecated for non-DOM-Element uploads.
JavaScript warning: https://logigames.bet9ja.com/swf/18000/libs/three.min.js?v=1.0.0, line 13: WebGL warning: texImage: Alpha-premult and y-flip are deprecated for non-DOM-Element uploads.
JavaScript warning: https://logigames.bet9ja.com/swf/18000/libs/three.min.js?v=1.0.0, line 13: WebGL warning: texImage: Alpha-premult and y-flip are deprecated for non-DOM-Element uploads.
JavaScript warning: https://logigames.bet9ja.com/swf/18000/libs/three.min.js?v=1.0.0, line 13: WebGL warning: texImage: Alpha-premult and y-flip are deprecated for non-DOM-Element uploads.
console.log: WebExtensions: reset-default-search: No addons in our list are installed.
1613368758603	Marionette	ERROR	[35] No reply from Marionette:Register
JavaScript error: resource://gre/actors/AutoCompleteChild.jsm, line 125: Error: Invalid autocomplete selectedIndex
JavaScript error: resource://activity-stream/lib/ASRouter.jsm, line 987: NS_ERROR_ILLEGAL_VALUE: Component returned failure code: 0x80070057 (NS_ERROR_ILLEGAL_VALUE) [nsIObserverService.removeObserver]
1613369665010	Marionette	INFO	Stopped listening on port 45327
1613369879459	geckodriver	INFO	Listening on 127.0.0.1:38883
1613369879490	mozrunner::runner	INFO	Running command: "/usr/bin/firefox" "--marionette" "-foreground" "-no-remote" "-profile" "/tmp/rust_mozprofileggORDr"
console.warn: SearchSettings: "get: No settings file exists, new profile?" (new Error("", "(unknown module)"))
1613369885066	Marionette	INFO	Listening on port 33991
1613369885116	Marionette	WARN	TLS certificate errors will be ignored for this session
1613369885126	Marionette	ERROR	[18] No reply from Marionette:Register
console.warn: SearchSettings: "get: No settings file exists, new profile?" (new Error("", "(unknown module)"))
JavaScript warning: https://logigames.bet9ja.com/swf/18000/libs/three.min.js?v=1.0.0, line 13: WebGL warning: texImage: Alpha-premult and y-flip are deprecated for non-DOM-Element uploads.
JavaScript warning: https://logigames.bet9ja.com/swf/18000/libs/three.min.js?v=1.0.0, line 13: WebGL warning: texImage: Alpha-premult and y-flip are deprecated for non-DOM-Element uploads.
JavaScript warning: https://logigames.bet9ja.com/swf/18000/libs/three.min.js?v=1.0.0, line 13: WebGL warning: texImage: Alpha-premult and y-flip are deprecated for non-DOM-Element uploads.
JavaScript warning: https://logigames.bet9ja.com/swf/18000/libs/three.min.js?v=1.0.0, line 13: WebGL warning: texImage: Alpha-premult and y-flip are deprecated for non-DOM-Element uploads.
JavaScript warning: https://logigames.bet9ja.com/swf/18000/libs/three.min.js?v=1.0.0, line 13: WebGL warning: texImage: Alpha-premult and y-flip are deprecated for non-DOM-Element uploads.
JavaScript warning: https://logigames.bet9ja.com/swf/18000/libs/three.min.js?v=1.0.0, line 13: WebGL warning: texImage: Alpha-premult and y-flip are deprecated for non-DOM-Element uploads.
JavaScript warning: https://logigames.bet9ja.com/swf/18000/libs/three.min.js?v=1.0.0, line 13: WebGL warning: texImage: Alpha-premult and y-flip are deprecated for non-DOM-Element uploads.
console.log: WebExtensions: reset-default-search: No addons in our list are installed.
JavaScript error: resource://activity-stream/lib/ASRouter.jsm, line 987: NS_ERROR_ILLEGAL_VALUE: Component returned failure code: 0x80070057 (NS_ERROR_ILLEGAL_VALUE) [nsIObserverService.removeObserver]
1613376650682	Marionette	INFO	Stopped listening on port 33991
1613376657668	geckodriver	INFO	Listening on 127.0.0.1:44571
1613376658674	mozrunner::runner	INFO	Running command: "/usr/bin/firefox" "--marionette" "-foreground" "-no-remote" "-profile" "/tmp/rust_mozprofilezUhdnN"
console.warn: SearchSettings: "get: No settings file exists, new profile?" (new Error("", "(unknown module)"))
JavaScript error: resource://activity-stream/lib/ActivityStreamPrefs.jsm, line 27: NS_ERROR_ILLEGAL_VALUE: Component returned failure code: 0x80070057 (NS_ERROR_ILLEGAL_VALUE) [nsIPrefBranch.removeObserver]
JavaScript error: resource://activity-stream/lib/ASRouter.jsm, line 968: TypeError: this._storage is null
console.error: Region.jsm: "Error fetching region" (new TypeError("NetworkError when attempting to fetch resource.", ""))
console.error: Region.jsm: "Failed to fetch region" (new Error("NO_RESULT", "resource://gre/modules/Region.jsm", 422))
1613376663784	Marionette	FATAL	Remote protocol server failed to start: [Exception... "Component returned failure code: 0xc1f30001 (NS_ERROR_NOT_INITIALIZED) [nsIServerSocket.asyncListen]"  nsresult: "0xc1f30001 (NS_ERROR_NOT_INITIALIZED)"  location: "JS frame :: chrome://marionette/content/server.js :: set acceptConnections :: line 91"  data: no] Stack trace: set acceptConnections()@server.js:91
start()@server.js:116
init/<()@jar:file:///usr/lib/firefox/omni.ja!/components/marionette.js:514
observe()@resource://gre/modules/AsyncShutdown.jsm:573
console.log: "RemoteSettingsWorker error: Error: Can't import when we've started shutting down."
JavaScript error: resource://gre/modules/ExtensionSettingsStore.jsm, line 122: Error: The ExtensionSettingsStore was accessed before the initialize promise resolved.
console.log: "RemoteSettingsWorker error: Error: Can't import when we've started shutting down."
console.log: "RemoteSettingsWorker error: Error: Can't import when we've started shutting down."
console.log: "RemoteSettingsWorker error: Error: Can't import when we've started shutting down."
console.error: "Could not load engine google@search.mozilla.org: [Exception... \"AddonManager is not initialized\"  nsresult: \"0xc1f30001 (NS_ERROR_NOT_INITIALIZED)\"  location: \"JS frame :: resource://gre/modules/AddonManager.jsm :: installBuiltinAddon :: line 2550\"  data: no]"
console.error: "Could not load engine amazondotcom@search.mozilla.org: [Exception... \"AddonManager is not initialized\"  nsresult: \"0xc1f30001 (NS_ERROR_NOT_INITIALIZED)\"  location: \"JS frame :: resource://gre/modules/AddonManager.jsm :: installBuiltinAddon :: line 2550\"  data: no]"
console.error: "Could not load engine wikipedia@search.mozilla.org: [Exception... \"AddonManager is not initialized\"  nsresult: \"0xc1f30001 (NS_ERROR_NOT_INITIALIZED)\"  location: \"JS frame :: resource://gre/modules/AddonManager.jsm :: installBuiltinAddon :: line 2550\"  data: no]"
console.error: "Could not load engine bing@search.mozilla.org: [Exception... \"AddonManager is not initialized\"  nsresult: \"0xc1f30001 (NS_ERROR_NOT_INITIALIZED)\"  location: \"JS frame :: resource://gre/modules/AddonManager.jsm :: installBuiltinAddon :: line 2550\"  data: no]"
console.error: "Could not load engine ddg@search.mozilla.org: [Exception... \"AddonManager is not initialized\"  nsresult: \"0xc1f30001 (NS_ERROR_NOT_INITIALIZED)\"  location: \"JS frame :: resource://gre/modules/AddonManager.jsm :: installBuiltinAddon :: line 2550\"  data: no]"
console.warn: SearchService: "_init: abandoning init due to shutting down"
JavaScript error: , line 0: uncaught exception: 2147500036
JavaScript error: , line 0: uncaught exception: 2147500036
JavaScript error: , line 0: uncaught exception: 2147500036
JavaScript error: , line 0: uncaught exception: 2147500036
JavaScript error: , line 0: uncaught exception: 2147500036
JavaScript error: , line 0: uncaught exception: 2147500036
console.error: PushService: 
  stateChangeProcessEnqueue: Error transitioning state
  AbortError
JavaScript error: , line 0: AbortError: A request was aborted, for example through a call to IDBTransaction.abort.
console.error: PushService: 
  clearOriginData: Error clearing origin data:
  AbortError

###!!! [Parent][RunMessage] Error: Channel closing: too late to send/recv, messages will be lost

1613376673763	geckodriver	INFO	Listening on 127.0.0.1:33325
1613376673804	mozrunner::runner	INFO	Running command: "/usr/bin/firefox" "--marionette" "-foreground" "-no-remote" "-profile" "/tmp/rust_mozprofileXHQVB5"
console.warn: SearchSettings: "get: No settings file exists, new profile?" (new Error("", "(unknown module)"))
1613376678796	Marionette	INFO	Listening on port 33675
1613376678839	Marionette	WARN	TLS certificate errors will be ignored for this session
1613376678849	Marionette	ERROR	[15] No reply from Marionette:Register
console.warn: SearchSettings: "get: No settings file exists, new profile?" (new Error("", "(unknown module)"))
JavaScript warning: https://logigames.bet9ja.com/swf/18000/libs/three.min.js?v=1.0.0, line 13: WebGL warning: texImage: Alpha-premult and y-flip are deprecated for non-DOM-Element uploads.
JavaScript warning: https://logigames.bet9ja.com/swf/18000/libs/three.min.js?v=1.0.0, line 13: WebGL warning: texImage: Alpha-premult and y-flip are deprecated for non-DOM-Element uploads.
JavaScript warning: https://logigames.bet9ja.com/swf/18000/libs/three.min.js?v=1.0.0, line 13: WebGL warning: texImage: Alpha-premult and y-flip are deprecated for non-DOM-Element uploads.
JavaScript warning: https://logigames.bet9ja.com/swf/18000/libs/three.min.js?v=1.0.0, line 13: WebGL warning: texImage: Alpha-premult and y-flip are deprecated for non-DOM-Element uploads.
JavaScript warning: https://logigames.bet9ja.com/swf/18000/libs/three.min.js?v=1.0.0, line 13: WebGL warning: texImage: Alpha-premult and y-flip are deprecated for non-DOM-Element uploads.
JavaScript warning: https://logigames.bet9ja.com/swf/18000/libs/three.min.js?v=1.0.0, line 13: WebGL warning: texImage: Alpha-premult and y-flip are deprecated for non-DOM-Element uploads.
JavaScript warning: https://logigames.bet9ja.com/swf/18000/libs/three.min.js?v=1.0.0, line 13: WebGL warning: texImage: Alpha-premult and y-flip are deprecated for non-DOM-Element uploads.
console.log: WebExtensions: reset-default-search: No addons in our list are installed.
1613383819208	Marionette	ERROR	[35] No reply from Marionette:Register
1613383821903	Marionette	ERROR	[37] No reply from Marionette:Register
JavaScript error: resource://activity-stream/lib/ASRouter.jsm, line 987: NS_ERROR_ILLEGAL_VALUE: Component returned failure code: 0x80070057 (NS_ERROR_ILLEGAL_VALUE) [nsIObserverService.removeObserver]
1613383824625	Marionette	INFO	Stopped listening on port 33675
